 info: Jun-07-2022 22:28:11: 	Your Data was posted sucessfully!!!
info: Jun-07-2022 22:28:11: 	 Document show -  data successfully fetched
info: Jun-07-2022 22:28:19: 	Your Data was posted sucessfully!!!
info: Jun-07-2022 22:28:19: 	 Document show -  data successfully fetched
info: Jun-07-2022 22:32:43: 	SUCCESS
info: Jun-07-2022 22:32:47: 	Your Data was posted sucessfully!!!
info: Jun-07-2022 22:32:47: 	 Document show -  data successfully fetched
info: Jun-07-2022 22:32:48: 	Your Data was posted sucessfully!!!
info: Jun-07-2022 22:32:48: 	 Document show -  data successfully fetched
info: Jun-07-2022 22:32:55: 	Your Data was posted sucessfully!!!
info: Jun-07-2022 22:32:55: 	 Document show -  data successfully fetched
info: Jun-07-2022 22:36:04: 	SUCCESS
info: Jun-07-2022 22:36:11: 	Your Data was posted sucessfully!!!
info: Jun-07-2022 22:36:11: 	 Document show -  data successfully fetched
info: Jun-07-2022 22:36:16: 	Your Data was posted sucessfully!!!
info: Jun-07-2022 22:36:16: 	 Document show -  data successfully fetched
info: Jun-07-2022 22:36:33: 	Your Data was posted sucessfully!!!
info: Jun-07-2022 22:36:33: 	 Document show -  data successfully fetched
info: Jun-07-2022 22:37:47: 	SUCCESS
info: Jun-07-2022 22:37:54: 	Your Data was posted sucessfully!!!
info: Jun-07-2022 22:37:54: 	 Document show -  data successfully fetched
info: Jun-07-2022 22:37:56: 	Your Data was posted sucessfully!!!
info: Jun-07-2022 22:37:56: 	 Document show -  data successfully fetched
info: Jun-07-2022 22:38:32: 	SUCCESS
info: Jun-07-2022 22:38:37: 	SUCCESS
info: Jun-07-2022 22:40:50: 	Your get was fetched sucessfully!!!
info: Jun-07-2022 22:40:50: 	 Login - user data successfully fetched
info: Jun-07-2022 22:40:52: 	Your get was fetched sucessfully!!!
info: Jun-07-2022 22:40:52: 	 Login - user data successfully fetched
info: Jun-07-2022 22:41:22: 	Your Data was posted sucessfully!!!
info: Jun-07-2022 22:41:22: 	Signup form added
info: Jun-07-2022 22:41:25: 	Your get was fetched sucessfully!!!
info: Jun-07-2022 22:41:25: 	 Login - user data successfully fetched
info: Jun-07-2022 22:41:31: 	Your get was fetched sucessfully!!!
info: Jun-07-2022 22:41:31: 	 Login - user data successfully fetched
info: Jun-07-2022 22:41:36: 	fc65d4821130f2e5148e207a5360cf3c folder created
info: Jun-07-2022 22:41:44: 	Your Data was posted sucessfully!!!
info: Jun-07-2022 22:41:44: 	 Document show -  data successfully fetched
info: Jun-07-2022 22:41:52: 	Your Data was posted sucessfully!!!
info: Jun-07-2022 22:41:52: 	 Document show -  data successfully fetched
info: Jun-07-2022 22:43:21: 	SUCCESS
info: Jun-07-2022 22:43:30: 	SUCCESS
info: Jun-07-2022 22:43:32: 	Your Data was posted sucessfully!!!
info: Jun-07-2022 22:43:32: 	 Document show -  data successfully fetched
info: Jun-07-2022 22:43:37: 	Your Data was posted sucessfully!!!
info: Jun-07-2022 22:43:37: 	 Document show -  data successfully fetched
info: Jun-07-2022 22:43:48: 	Your get was fetched sucessfully!!!
info: Jun-07-2022 22:43:48: 	 Login - user data successfully fetched
info: Jun-07-2022 22:43:56: 	Folder already exist
info: Jun-07-2022 22:44:01: 	Your Data was posted sucessfully!!!
info: Jun-07-2022 22:44:01: 	 Document show -  data successfully fetched
info: Jun-07-2022 22:44:09: 	Your Data was posted sucessfully!!!
info: Jun-07-2022 22:44:09: 	 Document show -  data successfully fetched
info: Jun-07-2022 22:45:57: 	SUCCESS
info: Jun-07-2022 22:45:58: 	Your Data was posted sucessfully!!!
info: Jun-07-2022 22:45:58: 	 Document show -  data successfully fetched
info: Jun-07-2022 22:46:13: 	SUCCESS
info: Jun-07-2022 22:46:15: 	Your Data was posted sucessfully!!!
info: Jun-07-2022 22:46:15: 	 Document show -  data successfully fetched
info: Jun-07-2022 22:46:32: 	Your Data was posted sucessfully!!!
info: Jun-07-2022 22:46:32: 	 Document show -  data successfully fetched
info: Jun-07-2022 22:46:36: 	Your Data was posted sucessfully!!!
info: Jun-07-2022 22:46:36: 	 Document show -  data successfully fetched
info: Jun-07-2022 22:46:55: 	Your Data was posted sucessfully!!!
info: Jun-07-2022 22:46:55: 	 Document show -  data successfully fetched
info: Jun-07-2022 22:47:05: 	Your Data was posted sucessfully!!!
info: Jun-07-2022 22:47:05: 	 Document show -  data successfully fetched
info: Jun-07-2022 22:48:52: 	Your Data was posted sucessfully!!!
info: Jun-07-2022 22:48:52: 	 Document show -  data successfully fetched
info: Jun-07-2022 22:49:09: 	Your Data was posted sucessfully!!!
info: Jun-07-2022 22:49:09: 	 Document show -  data successfully fetched
info: Jun-07-2022 22:49:10: 	Your Data was posted sucessfully!!!
info: Jun-07-2022 22:49:10: 	 Document show -  data successfully fetched
info: Jun-07-2022 22:50:10: 	Your Data was posted sucessfully!!!
info: Jun-07-2022 22:50:10: 	 Document show -  data successfully fetched
info: Jun-07-2022 22:50:17: 	Your Data was posted sucessfully!!!
info: Jun-07-2022 22:50:17: 	 Document show -  data successfully fetched
info: Jun-07-2022 22:50:17: 	Your Data was posted sucessfully!!!
info: Jun-07-2022 22:50:17: 	 Document show -  data successfully fetched
info: Jun-07-2022 22:50:22: 	Your Data was posted sucessfully!!!
info: Jun-07-2022 22:50:22: 	 Document show -  data successfully fetched
info: Jun-07-2022 22:51:36: 	SUCCESS
info: Jun-07-2022 22:52:40: 	Your Data was posted sucessfully!!!
info: Jun-07-2022 22:52:40: 	 Document show -  data successfully fetched
info: Jun-07-2022 22:52:58: 	Your Data was posted sucessfully!!!
info: Jun-07-2022 22:52:58: 	 Document show -  data successfully fetched
info: Jun-07-2022 22:52:59: 	Your Data was posted sucessfully!!!
info: Jun-07-2022 22:52:59: 	 Document show -  data successfully fetched
info: Jun-07-2022 22:56:40: 	SUCCESS
info: Jun-07-2022 22:59:27: 	Your Data was posted sucessfully!!!
info: Jun-07-2022 22:59:27: 	 Document show -  data successfully fetched
info: Jun-07-2022 22:59:32: 	Your Data was posted sucessfully!!!
info: Jun-07-2022 22:59:32: 	 Document show -  data successfully fetched
info: Jun-07-2022 22:59:36: 	Your Data was posted sucessfully!!!
info: Jun-07-2022 22:59:36: 	 Document show -  data successfully fetched
info: Jun-07-2022 23:01:08: 	Your Data was posted sucessfully!!!
info: Jun-07-2022 23:01:08: 	 Document show -  data successfully fetched
info: Jun-07-2022 23:01:27: 	Your Data was posted sucessfully!!!
info: Jun-07-2022 23:01:27: 	 Document show -  data successfully fetched
info: Jun-07-2022 23:02:12: 	SUCCESS
info: Jun-07-2022 23:02:15: 	Your Data was posted sucessfully!!!
info: Jun-07-2022 23:02:15: 	 Document show -  data successfully fetched
info: Jun-07-2022 23:02:16: 	Your Data was posted sucessfully!!!
info: Jun-07-2022 23:02:16: 	 Document show -  data successfully fetched
info: Jun-07-2022 23:05:21: 	Your Data was posted sucessfully!!!
info: Jun-07-2022 23:05:21: 	 Document show -  data successfully fetched
info: Jun-07-2022 23:05:23: 	Your Data was posted sucessfully!!!
info: Jun-07-2022 23:05:23: 	 Document show -  data successfully fetched
info: Jun-07-2022 23:12:30: 	SUCCESS
info: Jun-07-2022 23:12:34: 	Your Data was posted sucessfully!!!
info: Jun-07-2022 23:12:34: 	 Document show -  data successfully fetched
info: Jun-07-2022 23:17:48: 	SUCCESS
info: Jun-07-2022 23:17:52: 	Your Data was posted sucessfully!!!
info: Jun-07-2022 23:17:52: 	 Document show -  data successfully fetched
info: Jun-07-2022 23:22:54: 	SUCCESS
info: Jun-07-2022 23:23:19: 	Your Data was posted sucessfully!!!
info: Jun-07-2022 23:23:19: 	 Document show -  data successfully fetched
info: Jun-07-2022 23:23:21: 	Your Data was posted sucessfully!!!
info: Jun-07-2022 23:23:21: 	 Document show -  data successfully fetched
info: Jun-07-2022 23:24:49: 	SUCCESS
info: Jun-07-2022 23:24:57: 	Your Data was posted sucessfully!!!
info: Jun-07-2022 23:24:57: 	 Document show -  data successfully fetched
info: Jun-07-2022 23:25:17: 	SUCCESS
info: Jun-07-2022 23:25:20: 	Your Data was posted sucessfully!!!
info: Jun-07-2022 23:25:20: 	 Document show -  data successfully fetched
info: Jun-07-2022 23:28:59: 	SUCCESS
info: Jun-07-2022 23:29:01: 	Your Data was posted sucessfully!!!
info: Jun-07-2022 23:29:01: 	 Document show -  data successfully fetched
info: Jun-07-2022 23:29:04: 	Your Data was posted sucessfully!!!
info: Jun-07-2022 23:29:04: 	 Document show -  data successfully fetched
info: Jun-07-2022 23:33:14: 	SUCCESS
info: Jun-07-2022 23:33:16: 	Your Data was posted sucessfully!!!
info: Jun-07-2022 23:33:16: 	 Document show -  data successfully fetched
info: Jun-07-2022 23:34:00: 	SUCCESS
info: Jun-07-2022 23:34:18: 	Your Data was posted sucessfully!!!
info: Jun-07-2022 23:34:18: 	 Document show -  data successfully fetched
info: Jun-07-2022 23:36:04: 	SUCCESS
info: Jun-07-2022 23:36:11: 	Your Data was posted sucessfully!!!
info: Jun-07-2022 23:36:11: 	 Document show -  data successfully fetched
info: Jun-07-2022 23:36:14: 	Link_target.png uploaded
info: Jun-07-2022 23:36:17: 	Your Data was posted sucessfully!!!
info: Jun-07-2022 23:36:17: 	 Document show -  data successfully fetched
info: Jun-07-2022 23:36:35: 	Link_target.png uploaded
info: Jun-07-2022 23:36:49: 	Eslint.txt uploaded
info: Jun-07-2022 23:36:51: 	Your Data was posted sucessfully!!!
info: Jun-07-2022 23:36:51: 	 Document show -  data successfully fetched
info: Jun-07-2022 23:37:29: 	SUCCESS
info: Jun-07-2022 23:37:31: 	Your Data was posted sucessfully!!!
info: Jun-07-2022 23:37:31: 	 Document show -  data successfully fetched
info: Jun-07-2022 23:37:36: 	htmll.txt uploaded
info: Jun-07-2022 23:39:15: 	SUCCESS
info: Jun-07-2022 23:39:36: 	SUCCESS
info: Jun-07-2022 23:39:39: 	Your Data was posted sucessfully!!!
info: Jun-07-2022 23:39:39: 	 Document show -  data successfully fetched
info: Jun-07-2022 23:39:40: 	Your Data was posted sucessfully!!!
info: Jun-07-2022 23:39:40: 	 Document show -  data successfully fetched
info: Jun-07-2022 23:40:32: 	SUCCESS
info: Jun-07-2022 23:40:35: 	Your Data was posted sucessfully!!!
info: Jun-07-2022 23:40:35: 	 Document show -  data successfully fetched
info: Jun-07-2022 23:40:38: 	Your Data was posted sucessfully!!!
info: Jun-07-2022 23:40:38: 	 Document show -  data successfully fetched
info: Jun-07-2022 23:40:39: 	undefined uploaded
info: Jun-07-2022 23:41:05: 	SUCCESS
info: Jun-07-2022 23:41:11: 	Your Data was posted sucessfully!!!
info: Jun-07-2022 23:41:11: 	 Document show -  data successfully fetched
info: Jun-07-2022 23:41:12: 	undefined uploaded
info: Jun-07-2022 23:42:00: 	SUCCESS
info: Jun-07-2022 23:42:29: 	SUCCESS
info: Jun-07-2022 23:42:30: 	Your Data was posted sucessfully!!!
info: Jun-07-2022 23:42:30: 	 Document show -  data successfully fetched
info: Jun-07-2022 23:42:35: 	undefined uploaded
info: Jun-07-2022 23:42:36: 	undefined uploaded successfully;
info: Jun-07-2022 23:42:36: 	Uploaded successfully
warn: Jun-07-2022 23:42:36: 	undefined
info: Jun-07-2022 23:42:40: 	Your Data was posted sucessfully!!!
info: Jun-07-2022 23:42:40: 	 Document show -  data successfully fetched
info: Jun-07-2022 23:42:58: 	Your Data was posted sucessfully!!!
info: Jun-07-2022 23:42:58: 	 Document show -  data successfully fetched
info: Jun-07-2022 23:42:58: 	Your Data was posted sucessfully!!!
info: Jun-07-2022 23:42:58: 	 Document show -  data successfully fetched
info: Jun-07-2022 23:44:01: 	SUCCESS
info: Jun-07-2022 23:44:34: 	SUCCESS
info: Jun-07-2022 23:44:38: 	SUCCESS
info: Jun-07-2022 23:44:52: 	SUCCESS
info: Jun-07-2022 23:44:57: 	Your Data was posted sucessfully!!!
info: Jun-07-2022 23:44:57: 	 Document show -  data successfully fetched
info: Jun-07-2022 23:44:58: 	Your Data was posted sucessfully!!!
info: Jun-07-2022 23:44:58: 	 Document show -  data successfully fetched
info: Jun-07-2022 23:44:58: 	Your Data was posted sucessfully!!!
info: Jun-07-2022 23:44:58: 	 Document show -  data successfully fetched
info: Jun-07-2022 23:45:44: 	SUCCESS
info: Jun-07-2022 23:45:46: 	Your Data was posted sucessfully!!!
info: Jun-07-2022 23:45:46: 	 Document show -  data successfully fetched
info: Jun-07-2022 23:45:48: 	Your Data was posted sucessfully!!!
info: Jun-07-2022 23:45:48: 	 Document show -  data successfully fetched
info: Jun-07-2022 23:45:49: 	Your Data was posted sucessfully!!!
info: Jun-07-2022 23:45:49: 	 Document show -  data successfully fetched
info: Jun-07-2022 23:45:50: 	Your Data was posted sucessfully!!!
info: Jun-07-2022 23:45:50: 	 Document show -  data successfully fetched
info: Jun-07-2022 23:45:58: 	SUCCESS
info: Jun-07-2022 23:46:00: 	Your Data was posted sucessfully!!!
info: Jun-07-2022 23:46:00: 	 Document show -  data successfully fetched
info: Jun-07-2022 23:46:29: 	SUCCESS
info: Jun-07-2022 23:46:34: 	Your Data was posted sucessfully!!!
info: Jun-07-2022 23:46:34: 	 Document show -  data successfully fetched
info: Jun-07-2022 23:46:37: 	notes-(28.03.22).txt uploaded
info: Jun-07-2022 23:46:38: 	notes-(28.03.22).txt uploaded successfully;
info: Jun-07-2022 23:46:38: 	Uploaded successfully
warn: Jun-07-2022 23:46:38: 	undefined
info: Jun-07-2022 23:46:43: 	Your Data was posted sucessfully!!!
info: Jun-07-2022 23:46:43: 	 Document show -  data successfully fetched
info: Jun-07-2022 23:46:53: 	Your Data was posted sucessfully!!!
info: Jun-07-2022 23:46:53: 	 Document show -  data successfully fetched
info: Jun-07-2022 23:46:56: 	Your get was fetched sucessfully!!!
info: Jun-07-2022 23:46:56: 	 Delete Admin users - user data successfully deleted
info: Jun-07-2022 23:46:59: 	Your Data was posted sucessfully!!!
info: Jun-07-2022 23:46:59: 	 Document show -  data successfully fetched
info: Jun-07-2022 23:47:02: 	notes-(28.03.22).txt deleted
info: Jun-07-2022 23:47:03: 	Your get was fetched sucessfully!!!
info: Jun-07-2022 23:47:03: 	 Delete Admin users - user data successfully deleted
info: Jun-07-2022 23:47:06: 	Your Data was posted sucessfully!!!
info: Jun-07-2022 23:47:06: 	 Document show -  data successfully fetched
info: Jun-07-2022 23:47:09: 	Your Data was posted sucessfully!!!
info: Jun-07-2022 23:47:09: 	 Document show -  data successfully fetched
info: Jun-07-2022 23:47:12: 	htmll.txt uploaded
info: Jun-07-2022 23:47:13: 	Your Data was posted sucessfully!!!
info: Jun-07-2022 23:47:13: 	 Document show -  data successfully fetched
info: Jun-07-2022 23:47:14: 	htmll.txt uploaded successfully;
info: Jun-07-2022 23:47:14: 	Uploaded successfully
warn: Jun-07-2022 23:47:14: 	undefined
info: Jun-07-2022 23:47:15: 	Your Data was posted sucessfully!!!
info: Jun-07-2022 23:47:15: 	 Document show -  data successfully fetched
info: Jun-07-2022 23:47:25: 	file renamed successfully
info: Jun-07-2022 23:47:27: 	 updated successfully;
info: Jun-07-2022 23:47:27: 	 Document rename -  data successfully fetched
info: Jun-07-2022 23:47:28: 	Your Data was posted sucessfully!!!
info: Jun-07-2022 23:47:28: 	 Document show -  data successfully fetched
info: Jun-07-2022 23:47:40: 	Your get was fetched sucessfully!!!
info: Jun-07-2022 23:47:40: 	 Login - user data successfully fetched
info: Jun-07-2022 23:47:46: 	Your Data was posted sucessfully!!!
info: Jun-07-2022 23:47:46: 	 Document show -  data successfully fetched
info: Jun-07-2022 23:48:19: 	SUCCESS
info: Jun-07-2022 23:56:36: 	SUCCESS
info: Jun-07-2022 23:57:33: 	SUCCESS
info: Jun-08-2022 00:09:00: 	SUCCESS
info: Jun-08-2022 00:15:23: 	Your Data was posted sucessfully!!!
info: Jun-08-2022 00:15:23: 	 Document show -  data successfully fetched
info: Jun-08-2022 00:28:09: 	Your get was fetched sucessfully!!!
info: Jun-08-2022 00:28:09: 	 Login - user data successfully fetched
info: Jun-08-2022 00:28:13: 	c2f70e4818f18bbcda7bbc7beb38fefb folder created
info: Jun-08-2022 00:28:28: 	Your Data was posted sucessfully!!!
info: Jun-08-2022 00:28:28: 	 Document show -  data successfully fetched
info: Jun-08-2022 00:28:29: 	Your Data was posted sucessfully!!!
info: Jun-08-2022 00:28:29: 	 Document show -  data successfully fetched
info: Jun-08-2022 00:28:29: 	Your Data was posted sucessfully!!!
info: Jun-08-2022 00:28:29: 	 Document show -  data successfully fetched
info: Jun-08-2022 00:28:33: 	Your Data was posted sucessfully!!!
info: Jun-08-2022 00:28:33: 	 Document show -  data successfully fetched
info: Jun-08-2022 00:28:36: 	htmll.txt uploaded
info: Jun-08-2022 00:28:37: 	Your Data was posted sucessfully!!!
info: Jun-08-2022 00:28:37: 	 Document show -  data successfully fetched
info: Jun-08-2022 00:28:38: 	htmll.txt uploaded successfully;
info: Jun-08-2022 00:28:38: 	Uploaded successfully
warn: Jun-08-2022 00:28:38: 	undefined
info: Jun-08-2022 00:28:40: 	Your Data was posted sucessfully!!!
info: Jun-08-2022 00:28:40: 	 Document show -  data successfully fetched
info: Jun-08-2022 00:28:47: 	Your get was fetched sucessfully!!!
info: Jun-08-2022 00:28:47: 	 Delete Admin users - user data successfully deleted
info: Jun-08-2022 00:28:48: 	Your get was fetched sucessfully!!!
info: Jun-08-2022 00:28:48: 	 Delete Admin users - user data successfully deleted
info: Jun-08-2022 00:28:52: 	Your Data was posted sucessfully!!!
info: Jun-08-2022 00:28:52: 	 Document show -  data successfully fetched
info: Jun-08-2022 00:29:00: 	Your Data was posted sucessfully!!!
info: Jun-08-2022 00:29:00: 	 Document show -  data successfully fetched
info: Jun-08-2022 00:29:04: 	git Cmd.txt uploaded
info: Jun-08-2022 00:29:06: 	git Cmd.txt uploaded successfully;
info: Jun-08-2022 00:29:06: 	Uploaded successfully
warn: Jun-08-2022 00:29:06: 	undefined
info: Jun-08-2022 00:29:10: 	Your Data was posted sucessfully!!!
info: Jun-08-2022 00:29:10: 	 Document show -  data successfully fetched
info: Jun-08-2022 00:29:11: 	Your Data was posted sucessfully!!!
info: Jun-08-2022 00:29:11: 	 Document show -  data successfully fetched
info: Jun-17-2022 13:15:26: 	SUCCESS
info: Jun-17-2022 13:19:04: 	Your get was fetched sucessfully!!!
info: Jun-17-2022 13:19:04: 	 Login - user data successfully fetched
info: Jun-17-2022 13:19:11: 	Your get was fetched sucessfully!!!
info: Jun-17-2022 13:19:11: 	 Login - user data successfully fetched
info: Jun-17-2022 13:19:20: 	Your get was fetched sucessfully!!!
info: Jun-17-2022 13:19:20: 	 Login - user data successfully fetched
info: Jun-17-2022 13:19:20: 	Your get was fetched sucessfully!!!
info: Jun-17-2022 13:19:20: 	 Login - user data successfully fetched
info: Jun-17-2022 13:19:22: 	Your get was fetched sucessfully!!!
info: Jun-17-2022 13:19:22: 	 Login - user data successfully fetched
info: Jun-17-2022 13:19:26: 	fc65d4821130f2e5148e207a53bd9a52 folder created
info: Jun-17-2022 13:19:34: 	Your Data was posted sucessfully!!!
info: Jun-17-2022 13:19:34: 	 Document show -  data successfully fetched
info: Jun-17-2022 13:19:37: 	Your Data was posted sucessfully!!!
info: Jun-17-2022 13:19:37: 	 Document show -  data successfully fetched
info: Jun-17-2022 13:26:06: 	Screenshot (5).png uploaded
info: Jun-17-2022 13:26:07: 	Your Data was posted sucessfully!!!
info: Jun-17-2022 13:26:07: 	 Document show -  data successfully fetched
info: Jun-17-2022 13:26:07: 	Screenshot (5).png uploaded successfully;
info: Jun-17-2022 13:26:07: 	Uploaded successfully
warn: Jun-17-2022 13:26:07: 	undefined
info: Jun-17-2022 13:26:09: 	Your Data was posted sucessfully!!!
info: Jun-17-2022 13:26:09: 	 Document show -  data successfully fetched
info: Jun-17-2022 13:26:14: 	Your get was fetched sucessfully!!!
info: Jun-17-2022 13:26:14: 	 Delete Admin users - user data successfully deleted
info: Jun-17-2022 13:26:16: 	Your Data was posted sucessfully!!!
info: Jun-17-2022 13:26:16: 	 Document show -  data successfully fetched
info: Jun-17-2022 13:26:18: 	Your get was fetched sucessfully!!!
info: Jun-17-2022 13:26:18: 	 Delete Admin users - user data successfully deleted
info: Jun-17-2022 13:26:19: 	Your Data was posted sucessfully!!!
info: Jun-17-2022 13:26:19: 	 Document show -  data successfully fetched
info: Jun-17-2022 13:26:32: 	Your get was fetched sucessfully!!!
info: Jun-17-2022 13:26:32: 	 Delete Admin users - user data successfully deleted
info: Jun-17-2022 13:26:35: 	Your Data was posted sucessfully!!!
info: Jun-17-2022 13:26:35: 	 Document show -  data successfully fetched
info: Jun-17-2022 13:26:40: 	Your get was fetched sucessfully!!!
info: Jun-17-2022 13:26:40: 	 Delete Admin users - user data successfully deleted
info: Jun-17-2022 13:26:42: 	Your Data was posted sucessfully!!!
info: Jun-17-2022 13:26:42: 	 Document show -  data successfully fetched
info: Jun-17-2022 13:27:09: 	file renamed successfully
info: Jun-17-2022 13:27:10: 	 updated successfully;
info: Jun-17-2022 13:27:10: 	 Document rename -  data successfully fetched
info: Jun-17-2022 13:27:10: 	Your Data was posted sucessfully!!!
info: Jun-17-2022 13:27:10: 	 Document show -  data successfully fetched
info: Jun-17-2022 13:27:16: 	Your Data was posted sucessfully!!!
info: Jun-17-2022 13:27:16: 	 Document show -  data successfully fetched
info: Jun-17-2022 13:34:07: 	Your Data was posted sucessfully!!!
info: Jun-17-2022 13:34:07: 	 Document show -  data successfully fetched
info: Jun-17-2022 13:34:07: 	apj.jpg uploaded
info: Jun-17-2022 13:34:09: 	apj.jpg uploaded successfully;
info: Jun-17-2022 13:34:09: 	Uploaded successfully
warn: Jun-17-2022 13:34:09: 	undefined
info: Jun-17-2022 13:34:10: 	Your Data was posted sucessfully!!!
info: Jun-17-2022 13:34:10: 	 Document show -  data successfully fetched
info: Jun-17-2022 13:34:18: 	Your Data was posted sucessfully!!!
info: Jun-17-2022 13:34:18: 	 Document show -  data successfully fetched
info: Jun-17-2022 13:34:24: 	Your Data was posted sucessfully!!!
info: Jun-17-2022 13:34:24: 	 Document show -  data successfully fetched
info: Jun-17-2022 13:34:28: 	Your get was fetched sucessfully!!!
info: Jun-17-2022 13:34:28: 	 Login - user data successfully fetched
info: Jun-17-2022 13:34:46: 	Your get was fetched sucessfully!!!
info: Jun-17-2022 13:34:46: 	 Login - user data successfully fetched
info: Jun-17-2022 13:34:53: 	Your get was fetched sucessfully!!!
info: Jun-17-2022 13:34:53: 	 Login - user data successfully fetched
info: Jun-17-2022 13:36:42: 	fetching Admin Details
info: Jun-17-2022 13:36:43: 	Your get was fetched sucessfully!!!
info: Jun-17-2022 13:36:43: 	 AdminLogin - Admin data successfully fetched
info: Jun-17-2022 13:36:50: 	fetching Admin Details
info: Jun-17-2022 13:36:51: 	Your get was fetched sucessfully!!!
info: Jun-17-2022 13:36:51: 	 AdminLogin - Admin data successfully fetched
info: Jun-17-2022 13:36:56: 	fetching Admin Details
info: Jun-17-2022 13:36:57: 	Your get was fetched sucessfully!!!
info: Jun-17-2022 13:36:57: 	 AdminLogin - Admin data successfully fetched
info: Jun-17-2022 13:37:04: 	fetching Admin Details
info: Jun-17-2022 13:37:04: 	Your get was fetched sucessfully!!!
info: Jun-17-2022 13:37:04: 	 AdminLogin - Admin data successfully fetched
info: Jun-17-2022 13:37:49: 	Your get was fetched sucessfully!!!
info: Jun-17-2022 13:37:49: 	 Login - user data successfully fetched
info: Jun-17-2022 13:37:58: 	12be0ac03732ac2869c276fac44094c3 folder created
info: Jun-17-2022 13:38:12: 	Your Data was posted sucessfully!!!
info: Jun-17-2022 13:38:12: 	 Document show -  data successfully fetched
info: Jun-17-2022 13:38:18: 	Your Data was posted sucessfully!!!
info: Jun-17-2022 13:38:18: 	 Document show -  data successfully fetched
info: Jun-17-2022 13:38:32: 	Your get was fetched sucessfully!!!
info: Jun-17-2022 13:38:32: 	 Delete Admin users - user data successfully deleted
info: Jun-17-2022 13:38:35: 	Your Data was posted sucessfully!!!
info: Jun-17-2022 13:38:35: 	 Document show -  data successfully fetched
info: Jun-17-2022 13:38:36: 	Your get was fetched sucessfully!!!
info: Jun-17-2022 13:38:36: 	 Delete Admin users - user data successfully deleted
info: Jun-17-2022 13:38:38: 	Your Data was posted sucessfully!!!
info: Jun-17-2022 13:38:38: 	 Document show -  data successfully fetched
info: Jun-17-2022 13:38:40: 	Your get was fetched sucessfully!!!
info: Jun-17-2022 13:38:40: 	 Delete Admin users - user data successfully deleted
info: Jun-17-2022 13:38:41: 	Your Data was posted sucessfully!!!
info: Jun-17-2022 13:38:41: 	 Document show -  data successfully fetched
info: Jun-17-2022 13:38:45: 	Your Data was posted sucessfully!!!
info: Jun-17-2022 13:38:45: 	 Document show -  data successfully fetched
info: Jun-17-2022 13:38:49: 	strange.mp4 uploaded
info: Jun-17-2022 13:38:50: 	Your Data was posted sucessfully!!!
info: Jun-17-2022 13:38:50: 	 Document show -  data successfully fetched
info: Jun-17-2022 13:38:50: 	strange.mp4 uploaded successfully;
info: Jun-17-2022 13:38:50: 	Uploaded successfully
warn: Jun-17-2022 13:38:50: 	undefined
info: Jun-17-2022 13:39:02: 	Your Data was posted sucessfully!!!
info: Jun-17-2022 13:39:02: 	 Document show -  data successfully fetched
error: Jun-19-2022 12:11:12: 	error
info: Jun-19-2022 12:11:12: 	 Document show -  data successfully fetched
error: Jun-19-2022 12:11:19: 	error
info: Jun-19-2022 12:11:19: 	 Document show -  data successfully fetched
error: Jun-19-2022 12:11:20: 	error
info: Jun-19-2022 12:11:20: 	 Login - user data successfully fetched
error: Jun-19-2022 12:12:50: 	error
info: Jun-19-2022 12:12:50: 	 Login - user data successfully fetched
error: Jun-19-2022 12:14:43: 	error
info: Jun-19-2022 12:14:43: 	 Login - user data successfully fetched
info: Jun-27-2022 14:17:30: 	SUCCESS
info: Jun-27-2022 14:17:34: 	Your get was fetched sucessfully!!!
info: Jun-27-2022 14:17:34: 	 Login - user data successfully fetched
info: Jun-27-2022 14:17:35: 	fetching Admin Details
info: Jun-27-2022 14:17:35: 	Your get was fetched sucessfully!!!
info: Jun-27-2022 14:17:35: 	 AdminLogin - Admin data successfully fetched
info: Jun-27-2022 14:17:44: 	fetching Admin Details
info: Jun-27-2022 14:17:44: 	Your get was fetched sucessfully!!!
info: Jun-27-2022 14:17:44: 	 AdminLogin - Admin data successfully fetched
info: Jun-27-2022 14:17:51: 	fetching Admin Details
info: Jun-27-2022 14:17:51: 	Your get was fetched sucessfully!!!
info: Jun-27-2022 14:17:51: 	 AdminLogin - Admin data successfully fetched
info: Jun-27-2022 14:18:12: 	fetching Admin Details
info: Jun-27-2022 14:18:12: 	Your get was fetched sucessfully!!!
info: Jun-27-2022 14:18:12: 	 AdminLogin - Admin data successfully fetched
info: Jun-27-2022 14:18:18: 	Your get was fetched sucessfully!!!
info: Jun-27-2022 14:18:18: 	 Login - user data successfully fetched
info: Jun-27-2022 14:18:29: 	Folder already exist
info: Jun-27-2022 14:18:38: 	Your Data was posted sucessfully!!!
info: Jun-27-2022 14:18:38: 	 Document show -  data successfully fetched
info: Jun-27-2022 14:18:43: 	Your Data was posted sucessfully!!!
info: Jun-27-2022 14:18:43: 	 Document show -  data successfully fetched
info: Jun-27-2022 14:18:51: 	Your Data was posted sucessfully!!!
info: Jun-27-2022 14:18:51: 	 Document show -  data successfully fetched
info: Jun-27-2022 14:18:53: 	html.htm uploaded
info: Jun-27-2022 14:18:53: 	html.htm uploaded successfully;
info: Jun-27-2022 14:18:53: 	Uploaded successfully
warn: Jun-27-2022 14:18:53: 	undefined
info: Jun-27-2022 14:18:54: 	Your Data was posted sucessfully!!!
info: Jun-27-2022 14:18:54: 	 Document show -  data successfully fetched
info: Jun-27-2022 14:18:57: 	html.htm deleted
info: Jun-27-2022 14:18:57: 	Your get was fetched sucessfully!!!
info: Jun-27-2022 14:18:57: 	 Delete Admin users - user data successfully deleted
info: Jun-27-2022 14:18:58: 	Your Data was posted sucessfully!!!
info: Jun-27-2022 14:18:58: 	 Document show -  data successfully fetched
info: Jun-27-2022 14:19:00: 	Your Data was posted sucessfully!!!
info: Jun-27-2022 14:19:00: 	 Document show -  data successfully fetched
info: Jun-27-2022 14:19:05: 	Your Data was posted sucessfully!!!
info: Jun-27-2022 14:19:05: 	 Document show -  data successfully fetched
info: Jun-27-2022 14:19:12: 	Your Data was posted sucessfully!!!
info: Jun-27-2022 14:19:12: 	 Document show -  data successfully fetched
info: Jun-27-2022 14:19:14: 	wp1978182.jpg uploaded
info: Jun-27-2022 14:19:14: 	wp1978182.jpg uploaded successfully;
info: Jun-27-2022 14:19:14: 	Uploaded successfully
warn: Jun-27-2022 14:19:14: 	undefined
info: Jun-27-2022 14:19:16: 	Your Data was posted sucessfully!!!
info: Jun-27-2022 14:19:16: 	 Document show -  data successfully fetched
info: Jun-27-2022 14:19:23: 	wp1978182.jpg deleted
info: Jun-27-2022 14:19:23: 	Your get was fetched sucessfully!!!
info: Jun-27-2022 14:19:23: 	 Delete Admin users - user data successfully deleted
info: Jun-27-2022 14:19:25: 	Your Data was posted sucessfully!!!
info: Jun-27-2022 14:19:25: 	 Document show -  data successfully fetched
info: Jun-27-2022 14:19:35: 	file renamed successfully
info: Jun-27-2022 14:19:35: 	 updated successfully;
info: Jun-27-2022 14:19:35: 	 Document rename -  data successfully fetched
info: Jun-27-2022 14:19:35: 	Your Data was posted sucessfully!!!
info: Jun-27-2022 14:19:35: 	 Document show -  data successfully fetched
info: Jun-27-2022 14:24:02: 	file renamed successfully
info: Jun-27-2022 14:24:02: 	 updated successfully;
info: Jun-27-2022 14:24:02: 	 Document rename -  data successfully fetched
info: Jun-27-2022 14:24:03: 	Your Data was posted sucessfully!!!
info: Jun-27-2022 14:24:03: 	 Document show -  data successfully fetched
info: Jun-27-2022 14:24:16: 	file renamed successfully
info: Jun-27-2022 14:24:16: 	 updated successfully;
info: Jun-27-2022 14:24:16: 	 Document rename -  data successfully fetched
info: Jun-27-2022 14:24:16: 	Your Data was posted sucessfully!!!
info: Jun-27-2022 14:24:16: 	 Document show -  data successfully fetched
info: Jun-27-2022 14:24:21: 	file renamed successfully
info: Jun-27-2022 14:24:21: 	 updated successfully;
info: Jun-27-2022 14:24:21: 	 Document rename -  data successfully fetched
info: Jun-27-2022 14:24:21: 	Your Data was posted sucessfully!!!
info: Jun-27-2022 14:24:21: 	 Document show -  data successfully fetched
info: Jun-27-2022 14:24:24: 	abdual kalam.jpg deleted
info: Jun-27-2022 14:24:24: 	Your get was fetched sucessfully!!!
info: Jun-27-2022 14:24:24: 	 Delete Admin users - user data successfully deleted
info: Jun-27-2022 14:24:25: 	Your Data was posted sucessfully!!!
info: Jun-27-2022 14:24:25: 	 Document show -  data successfully fetched
info: Jun-27-2022 14:24:27: 	Your get was fetched sucessfully!!!
info: Jun-27-2022 14:24:27: 	 Delete Admin users - user data successfully deleted
info: Jun-27-2022 14:24:28: 	Your Data was posted sucessfully!!!
info: Jun-27-2022 14:24:28: 	 Document show -  data successfully fetched
info: Jun-27-2022 14:25:29: 	Your Data was posted sucessfully!!!
info: Jun-27-2022 14:25:29: 	 Document show -  data successfully fetched
info: Jun-27-2022 14:25:35: 	Your Data was posted sucessfully!!!
info: Jun-27-2022 14:25:35: 	 Document show -  data successfully fetched
info: Jun-27-2022 14:25:36: 	strange.mp4 uploaded
info: Jun-27-2022 14:25:36: 	strange.mp4 uploaded successfully;
info: Jun-27-2022 14:25:36: 	Uploaded successfully
warn: Jun-27-2022 14:25:36: 	undefined
info: Jun-27-2022 14:25:38: 	Your Data was posted sucessfully!!!
info: Jun-27-2022 14:25:38: 	 Document show -  data successfully fetched
info: Jun-27-2022 14:25:46: 	file renamed successfully
info: Jun-27-2022 14:25:46: 	 updated successfully;
info: Jun-27-2022 14:25:46: 	 Document rename -  data successfully fetched
info: Jun-27-2022 14:25:47: 	Your Data was posted sucessfully!!!
info: Jun-27-2022 14:25:47: 	 Document show -  data successfully fetched
info: Jun-27-2022 14:25:57: 	Your Data was posted sucessfully!!!
info: Jun-27-2022 14:25:57: 	 Document show -  data successfully fetched
info: Jun-28-2022 09:10:45: 	SUCCESS
info: Jun-28-2022 09:14:05: 	Your get was fetched sucessfully!!!
info: Jun-28-2022 09:14:05: 	 Login - user data successfully fetched
info: Jun-28-2022 09:14:14: 	Folder already exist
info: Jun-28-2022 09:18:10: 	Your get was fetched sucessfully!!!
info: Jun-28-2022 09:18:10: 	 Login - user data successfully fetched
info: Jun-28-2022 09:18:32: 	Your get was fetched sucessfully!!!
info: Jun-28-2022 09:18:32: 	 Login - user data successfully fetched
info: Jun-28-2022 09:18:43: 	Folder already exist
info: Jun-28-2022 09:18:56: 	Your Data was posted sucessfully!!!
info: Jun-28-2022 09:18:56: 	 Document show -  data successfully fetched
info: Jun-28-2022 09:19:00: 	Your Data was posted sucessfully!!!
info: Jun-28-2022 09:19:00: 	 Document show -  data successfully fetched
info: Jun-28-2022 09:28:44: 	Your get was fetched sucessfully!!!
info: Jun-28-2022 09:28:44: 	 Login - user data successfully fetched
info: Jun-28-2022 09:28:54: 	Folder already exist
info: Jun-28-2022 09:29:21: 	Your get was fetched sucessfully!!!
info: Jun-28-2022 09:29:21: 	 Login - user data successfully fetched
info: Jun-28-2022 09:29:23: 	Your get was fetched sucessfully!!!
info: Jun-28-2022 09:29:23: 	 Login - user data successfully fetched
info: Jun-28-2022 09:29:28: 	Folder already exist
info: Jun-28-2022 09:30:14: 	Your get was fetched sucessfully!!!
info: Jun-28-2022 09:30:14: 	 Login - user data successfully fetched
info: Jun-28-2022 09:30:20: 	Your get was fetched sucessfully!!!
info: Jun-28-2022 09:30:20: 	 Login - user data successfully fetched
info: Jun-28-2022 09:30:21: 	Your get was fetched sucessfully!!!
info: Jun-28-2022 09:30:21: 	 Login - user data successfully fetched
info: Jun-28-2022 09:30:28: 	Folder already exist
info: Jun-28-2022 09:32:05: 	SUCCESS
info: Jun-28-2022 09:32:09: 	Your get was fetched sucessfully!!!
info: Jun-28-2022 09:32:09: 	 Login - user data successfully fetched
info: Jun-28-2022 09:32:11: 	Your get was fetched sucessfully!!!
info: Jun-28-2022 09:32:11: 	 Login - user data successfully fetched
info: Jun-28-2022 09:32:18: 	Folder already exist
info: Jun-28-2022 09:39:04: 	Your get was fetched sucessfully!!!
info: Jun-28-2022 09:39:04: 	 Login - user data successfully fetched
info: Jun-28-2022 09:41:45: 	fetching Admin Details
info: Jun-28-2022 09:41:45: 	Your get was fetched sucessfully!!!
info: Jun-28-2022 09:41:45: 	 AdminLogin - Admin data successfully fetched
info: Jun-28-2022 09:52:27: 	fetching Admin Details
info: Jun-28-2022 09:52:27: 	Your get was fetched sucessfully!!!
info: Jun-28-2022 09:52:27: 	 AdminLogin - Admin data successfully fetched
info: Jun-28-2022 09:52:36: 	fetching Admin Details
info: Jun-28-2022 09:52:36: 	Your get was fetched sucessfully!!!
info: Jun-28-2022 09:52:36: 	 AdminLogin - Admin data successfully fetched
info: Jun-28-2022 09:52:52: 	fetching Admin Details
info: Jun-28-2022 09:52:52: 	Your get was fetched sucessfully!!!
info: Jun-28-2022 09:52:52: 	 AdminLogin - Admin data successfully fetched
info: Jun-28-2022 09:56:51: 	fetching Admin Details
info: Jun-28-2022 09:56:51: 	Your get was fetched sucessfully!!!
info: Jun-28-2022 09:56:51: 	 AdminLogin - Admin data successfully fetched
info: Jun-28-2022 09:56:53: 	fetching Admin Details
info: Jun-28-2022 09:56:53: 	Your get was fetched sucessfully!!!
info: Jun-28-2022 09:56:53: 	 AdminLogin - Admin data successfully fetched
info: Jun-28-2022 09:56:54: 	Your get was fetched sucessfully!!!
info: Jun-28-2022 09:56:54: 	 Login - user data successfully fetched
info: Jun-28-2022 09:56:55: 	fetching Admin Details
info: Jun-28-2022 09:56:55: 	Your get was fetched sucessfully!!!
info: Jun-28-2022 09:56:55: 	 AdminLogin - Admin data successfully fetched
info: Jun-28-2022 09:57:00: 	Your get was fetched sucessfully!!!
info: Jun-28-2022 09:57:00: 	 Login - user data successfully fetched
info: Jun-28-2022 09:57:09: 	Folder already exist
info: Jun-28-2022 09:57:13: 	Your get was fetched sucessfully!!!
info: Jun-28-2022 09:57:13: 	 Login - user data successfully fetched
info: Jun-28-2022 09:57:49: 	Your get was fetched sucessfully!!!
info: Jun-28-2022 09:57:49: 	 Login - user data successfully fetched
info: Jun-28-2022 10:05:48: 	2cff5bd5ccea47cd7036478af9a6a087 folder created
info: Jun-28-2022 10:05:55: 	Your get was fetched sucessfully!!!
info: Jun-28-2022 10:05:55: 	 Login - user data successfully fetched
info: Jun-28-2022 10:05:58: 	Your get was fetched sucessfully!!!
info: Jun-28-2022 10:05:58: 	 Login - user data successfully fetched
info: Jun-28-2022 10:06:22: 	Your get was fetched sucessfully!!!
info: Jun-28-2022 10:06:22: 	 Login - user data successfully fetched
info: Jun-28-2022 10:06:44: 	be43ad798a28ef00acb1ade94b51eef4 folder created
info: Jun-28-2022 10:21:41: 	Your get was fetched sucessfully!!!
info: Jun-28-2022 10:21:41: 	 Login - user data successfully fetched
info: Jun-28-2022 10:21:51: 	Your Data was posted sucessfully!!!
info: Jun-28-2022 10:21:51: 	 Document show -  data successfully fetched
info: Jun-28-2022 11:41:07: 	Your get was fetched sucessfully!!!
info: Jun-28-2022 11:41:07: 	 Login - user data successfully fetched
info: Jun-28-2022 11:41:21: 	Your get was fetched sucessfully!!!
info: Jun-28-2022 11:41:21: 	 Login - user data successfully fetched
info: Jun-28-2022 11:42:34: 	Your get was fetched sucessfully!!!
info: Jun-28-2022 11:42:34: 	 Login - user data successfully fetched
info: Jun-28-2022 11:42:34: 	Your get was fetched sucessfully!!!
info: Jun-28-2022 11:42:34: 	 Login - user data successfully fetched
info: Jun-28-2022 11:42:56: 	Your get was fetched sucessfully!!!
info: Jun-28-2022 11:42:56: 	 Login - user data successfully fetched
info: Jun-28-2022 11:43:04: 	Your get was fetched sucessfully!!!
info: Jun-28-2022 11:43:04: 	 Login - user data successfully fetched
info: Jun-28-2022 11:43:23: 	Your get was fetched sucessfully!!!
info: Jun-28-2022 11:43:23: 	 Login - user data successfully fetched
info: Jun-28-2022 11:43:27: 	Your get was fetched sucessfully!!!
info: Jun-28-2022 11:43:27: 	 Login - user data successfully fetched
info: Jun-28-2022 11:43:40: 	Your get was fetched sucessfully!!!
info: Jun-28-2022 11:43:40: 	 Login - user data successfully fetched
info: Jun-28-2022 11:43:45: 	Your get was fetched sucessfully!!!
info: Jun-28-2022 11:43:45: 	 Login - user data successfully fetched
info: Jun-28-2022 11:44:00: 	Your get was fetched sucessfully!!!
info: Jun-28-2022 11:44:00: 	 Login - user data successfully fetched
info: Jun-28-2022 11:44:03: 	Your get was fetched sucessfully!!!
info: Jun-28-2022 11:44:03: 	 Login - user data successfully fetched
info: Jun-28-2022 11:44:10: 	Your get was fetched sucessfully!!!
info: Jun-28-2022 11:44:10: 	 Login - user data successfully fetched
info: Jun-28-2022 11:44:15: 	Your get was fetched sucessfully!!!
info: Jun-28-2022 11:44:15: 	 Login - user data successfully fetched
info: Jun-28-2022 11:44:36: 	Your get was fetched sucessfully!!!
info: Jun-28-2022 11:44:36: 	 Login - user data successfully fetched
info: Jun-28-2022 11:45:08: 	Your get was fetched sucessfully!!!
info: Jun-28-2022 11:45:08: 	 Login - user data successfully fetched
info: Jun-28-2022 11:45:13: 	Your get was fetched sucessfully!!!
info: Jun-28-2022 11:45:13: 	 Login - user data successfully fetched
info: Jun-28-2022 11:45:47: 	Your get was fetched sucessfully!!!
info: Jun-28-2022 11:45:47: 	 Login - user data successfully fetched
info: Jun-28-2022 11:48:21: 	Your get was fetched sucessfully!!!
info: Jun-28-2022 11:48:21: 	 Login - user data successfully fetched
info: Jun-28-2022 11:48:23: 	Your get was fetched sucessfully!!!
info: Jun-28-2022 11:48:23: 	 Login - user data successfully fetched
info: Jun-28-2022 11:48:37: 	Your get was fetched sucessfully!!!
info: Jun-28-2022 11:48:37: 	 Login - user data successfully fetched
info: Jun-28-2022 11:51:19: 	Your get was fetched sucessfully!!!
info: Jun-28-2022 11:51:19: 	 Login - user data successfully fetched
info: Jun-28-2022 11:52:07: 	Your get was fetched sucessfully!!!
info: Jun-28-2022 11:52:07: 	 Login - user data successfully fetched
info: Jun-28-2022 11:52:58: 	Your get was fetched sucessfully!!!
info: Jun-28-2022 11:52:58: 	 Login - user data successfully fetched
info: Jun-28-2022 11:53:00: 	Your get was fetched sucessfully!!!
info: Jun-28-2022 11:53:00: 	 Login - user data successfully fetched
info: Jun-28-2022 11:53:15: 	Your get was fetched sucessfully!!!
info: Jun-28-2022 11:53:15: 	 Login - user data successfully fetched
info: Jun-28-2022 11:53:17: 	Your get was fetched sucessfully!!!
info: Jun-28-2022 11:53:17: 	 Login - user data successfully fetched
info: Jun-28-2022 11:53:35: 	Your get was fetched sucessfully!!!
info: Jun-28-2022 11:53:35: 	 Login - user data successfully fetched
info: Jun-28-2022 12:05:25: 	Your get was fetched sucessfully!!!
info: Jun-28-2022 12:05:25: 	 Login - user data successfully fetched
info: Jun-28-2022 12:05:34: 	Your get was fetched sucessfully!!!
info: Jun-28-2022 12:05:34: 	 Login - user data successfully fetched
info: Jun-28-2022 12:07:55: 	Your get was fetched sucessfully!!!
info: Jun-28-2022 12:07:55: 	 Login - user data successfully fetched
info: Jun-28-2022 12:09:16: 	Your get was fetched sucessfully!!!
info: Jun-28-2022 12:09:16: 	 Login - user data successfully fetched
info: Jun-28-2022 12:09:49: 	Your Data was posted sucessfully!!!
info: Jun-28-2022 12:09:49: 	 Document show -  data successfully fetched
info: Jun-28-2022 12:10:11: 	Your get was fetched sucessfully!!!
info: Jun-28-2022 12:10:11: 	 Delete Admin users - user data successfully deleted
info: Jun-28-2022 12:10:12: 	Your Data was posted sucessfully!!!
info: Jun-28-2022 12:10:12: 	 Document show -  data successfully fetched
info: Jun-28-2022 12:10:16: 	Your get was fetched sucessfully!!!
info: Jun-28-2022 12:10:16: 	 Login - user data successfully fetched
info: Jun-28-2022 12:10:17: 	fetching Admin Details
info: Jun-28-2022 12:10:17: 	Your get was fetched sucessfully!!!
info: Jun-28-2022 12:10:17: 	 AdminLogin - Admin data successfully fetched
info: Jun-28-2022 13:15:02: 	Your get was fetched sucessfully!!!
info: Jun-28-2022 13:15:02: 	 Login - user data successfully fetched
info: Jun-30-2022 09:56:01: 	SUCCESS
info: Jun-30-2022 09:57:03: 	Your get was fetched sucessfully!!!
info: Jun-30-2022 09:57:03: 	 Login - user data successfully fetched
info: Jun-30-2022 09:57:10: 	Folder already exist
info: Jun-30-2022 09:57:18: 	Your get was fetched sucessfully!!!
info: Jun-30-2022 09:57:18: 	 Login - user data successfully fetched
info: Jun-30-2022 09:57:21: 	Your get was fetched sucessfully!!!
info: Jun-30-2022 09:57:21: 	 Login - user data successfully fetched
info: Jun-30-2022 09:57:22: 	Your get was fetched sucessfully!!!
info: Jun-30-2022 09:57:22: 	 Login - user data successfully fetched
info: Jun-30-2022 09:57:42: 	Your get was fetched sucessfully!!!
info: Jun-30-2022 09:57:42: 	 Login - user data successfully fetched
info: Jun-30-2022 09:57:49: 	Folder already exist
info: Jun-30-2022 09:58:18: 	Your Data was posted sucessfully!!!
info: Jun-30-2022 09:58:18: 	 Document show -  data successfully fetched
info: Jun-30-2022 10:01:40: 	Your Data was posted sucessfully!!!
info: Jun-30-2022 10:01:40: 	 Document show -  data successfully fetched
info: Jun-30-2022 10:01:42: 	Your Data was posted sucessfully!!!
info: Jun-30-2022 10:01:42: 	 Document show -  data successfully fetched
info: Jun-30-2022 10:32:18: 	Your Data was posted sucessfully!!!
info: Jun-30-2022 10:32:18: 	 Document show -  data successfully fetched
info: Jun-30-2022 10:32:20: 	apj.jpg uploaded
info: Jun-30-2022 10:32:20: 	apj.jpg uploaded successfully;
info: Jun-30-2022 10:32:20: 	Uploaded successfully
warn: Jun-30-2022 10:32:20: 	undefined
info: Jun-30-2022 10:32:22: 	Your Data was posted sucessfully!!!
info: Jun-30-2022 10:32:22: 	 Document show -  data successfully fetched
info: Jun-30-2022 10:34:51: 	apj.jpg deleted
info: Jun-30-2022 10:34:51: 	Your get was fetched sucessfully!!!
info: Jun-30-2022 10:34:51: 	 Delete Admin users - user data successfully deleted
info: Jun-30-2022 10:34:53: 	Your Data was posted sucessfully!!!
info: Jun-30-2022 10:34:53: 	 Document show -  data successfully fetched
info: Jun-30-2022 10:35:03: 	Your Data was posted sucessfully!!!
info: Jun-30-2022 10:35:03: 	 Document show -  data successfully fetched
info: Jun-30-2022 10:35:08: 	Your Data was posted sucessfully!!!
info: Jun-30-2022 10:35:08: 	 Document show -  data successfully fetched
info: Jun-30-2022 10:35:12: 	strange.mp4 uploaded
info: Jun-30-2022 10:35:12: 	strange.mp4 uploaded successfully;
info: Jun-30-2022 10:35:12: 	Uploaded successfully
warn: Jun-30-2022 10:35:12: 	undefined
info: Jun-30-2022 10:35:16: 	Your Data was posted sucessfully!!!
info: Jun-30-2022 10:35:16: 	 Document show -  data successfully fetched
info: Jun-30-2022 10:35:26: 	file renamed successfully
info: Jun-30-2022 10:35:26: 	 updated successfully;
info: Jun-30-2022 10:35:26: 	 Document rename -  data successfully fetched
info: Jun-30-2022 10:35:27: 	Your Data was posted sucessfully!!!
info: Jun-30-2022 10:35:27: 	 Document show -  data successfully fetched
info: Jun-30-2022 11:35:44: 	Your Data was posted sucessfully!!!
info: Jun-30-2022 11:35:44: 	 Document show -  data successfully fetched
info: Jul-06-2022 18:51:28: 	SUCCESS
info: Jul-06-2022 18:52:26: 	fetching Admin Details
info: Jul-06-2022 18:52:26: 	Your get was fetched sucessfully!!!
info: Jul-06-2022 18:52:26: 	 AdminLogin - Admin data successfully fetched
info: Jul-06-2022 18:52:27: 	Your get was fetched sucessfully!!!
info: Jul-06-2022 18:52:27: 	 Login - user data successfully fetched
info: Jul-06-2022 18:52:36: 	Folder already exist
info: Jul-06-2022 18:53:01: 	Your Data was posted sucessfully!!!
info: Jul-06-2022 18:53:01: 	 Document show -  data successfully fetched
info: Jul-06-2022 18:53:22: 	Your Data was posted sucessfully!!!
info: Jul-06-2022 18:53:22: 	 Document show -  data successfully fetched
info: Jul-06-2022 18:53:56: 	ssds.mp4 deleted
info: Jul-06-2022 18:53:56: 	Your get was fetched sucessfully!!!
info: Jul-06-2022 18:53:56: 	 Delete Admin users - user data successfully deleted
info: Jul-06-2022 18:53:59: 	Your Data was posted sucessfully!!!
info: Jul-06-2022 18:53:59: 	 Document show -  data successfully fetched
info: Jul-06-2022 18:54:03: 	file renamed successfully
info: Jul-06-2022 18:54:04: 	 updated successfully;
info: Jul-06-2022 18:54:04: 	 Document rename -  data successfully fetched
info: Jul-06-2022 18:54:04: 	Your Data was posted sucessfully!!!
info: Jul-06-2022 18:54:04: 	 Document show -  data successfully fetched
info: Jul-06-2022 18:54:08: 	Your get was fetched sucessfully!!!
info: Jul-06-2022 18:54:08: 	 Login - user data successfully fetched
info: Jul-06-2022 18:54:33: 	Your Data was posted sucessfully!!!
info: Jul-06-2022 18:54:33: 	 Document show -  data successfully fetched
info: Jul-11-2022 11:10:49: 	SUCCESS
info: Jul-11-2022 11:12:24: 	fetching Admin Details
info: Jul-11-2022 11:12:24: 	Your get was fetched sucessfully!!!
info: Jul-11-2022 11:12:24: 	 AdminLogin - Admin data successfully fetched
info: Jul-11-2022 11:12:25: 	Your get was fetched sucessfully!!!
info: Jul-11-2022 11:12:25: 	 Login - user data successfully fetched
info: Jul-11-2022 11:12:30: 	Folder already exist
info: Jul-11-2022 11:12:42: 	Your Data was posted sucessfully!!!
info: Jul-11-2022 11:12:42: 	 Document show -  data successfully fetched
info: Jul-11-2022 11:12:58: 	Your Data was posted sucessfully!!!
info: Jul-11-2022 11:12:58: 	 Document show -  data successfully fetched
info: Jul-11-2022 11:12:59: 	wkuk.txt uploaded
info: Jul-11-2022 11:12:59: 	wkuk.txt uploaded successfully;
info: Jul-11-2022 11:12:59: 	Uploaded successfully
warn: Jul-11-2022 11:12:59: 	undefined
info: Jul-11-2022 11:13:06: 	Your Data was posted sucessfully!!!
info: Jul-11-2022 11:13:06: 	 Document show -  data successfully fetched
info: Jul-11-2022 11:15:09: 	Your get was fetched sucessfully!!!
info: Jul-11-2022 11:15:09: 	 Login - user data successfully fetched
info: Jul-11-2022 11:15:13: 	Your get was fetched sucessfully!!!
info: Jul-11-2022 11:15:13: 	 Login - user data successfully fetched
info: Jul-11-2022 11:15:22: 	Your get was fetched sucessfully!!!
info: Jul-11-2022 11:15:22: 	 Login - user data successfully fetched
info: Jul-11-2022 11:15:24: 	fetching Admin Details
info: Jul-11-2022 11:15:24: 	Your get was fetched sucessfully!!!
info: Jul-11-2022 11:15:24: 	 AdminLogin - Admin data successfully fetched
info: Jul-11-2022 11:15:30: 	Your get was fetched sucessfully!!!
info: Jul-11-2022 11:15:30: 	 Login - user data successfully fetched
info: Jul-12-2022 22:12:09: 	SUCCESS
info: Jul-12-2022 22:12:50: 	fetching Admin Details
error: Jul-12-2022 22:12:50: 	error
info: Jul-12-2022 22:12:50: 	 AdminLogin - Admin data successfully fetched
error: Jul-12-2022 22:13:44: 	error
info: Jul-12-2022 22:13:44: 	 Login - user data successfully fetched
error: Jul-12-2022 22:13:47: 	error
info: Jul-12-2022 22:13:47: 	 Login - user data successfully fetched
error: Jul-12-2022 22:14:35: 	error
info: Jul-12-2022 22:14:35: 	 Login - user data successfully fetched
error: Jul-12-2022 22:15:22: 	error
info: Jul-12-2022 22:15:22: 	 Login - user data successfully fetched
info: Jul-12-2022 22:15:23: 	fetching Admin Details
error: Jul-12-2022 22:15:23: 	error
info: Jul-12-2022 22:15:23: 	 AdminLogin - Admin data successfully fetched
error: Jul-12-2022 22:15:24: 	error
info: Jul-12-2022 22:15:24: 	 Login - user data successfully fetched
error: Jul-12-2022 22:16:23: 	error
info: Jul-12-2022 22:16:23: 	 Login - user data successfully fetched
info: Jul-12-2022 22:16:24: 	fetching Admin Details
error: Jul-12-2022 22:16:24: 	error
info: Jul-12-2022 22:16:24: 	 AdminLogin - Admin data successfully fetched
error: Jul-12-2022 22:16:58: 	error
info: Jul-12-2022 22:16:58: 	 Login - user data successfully fetched
error: Jul-12-2022 22:17:13: 	error
info: Jul-12-2022 22:17:13: 	 Login - user data successfully fetched
error: Jul-12-2022 22:17:26: 	error
info: Jul-12-2022 22:17:26: 	 Login - user data successfully fetched
error: Jul-12-2022 22:17:28: 	error
info: Jul-12-2022 22:17:28: 	 Login - user data successfully fetched
error: Jul-12-2022 22:17:29: 	error
info: Jul-12-2022 22:17:29: 	 Login - user data successfully fetched
error: Jul-12-2022 22:17:30: 	error
info: Jul-12-2022 22:17:30: 	 Login - user data successfully fetched
error: Jul-12-2022 22:17:30: 	error
info: Jul-12-2022 22:17:30: 	 Login - user data successfully fetched
error: Jul-12-2022 22:17:30: 	error
info: Jul-12-2022 22:17:30: 	 Login - user data successfully fetched
error: Jul-12-2022 22:17:31: 	error
info: Jul-12-2022 22:17:31: 	 Login - user data successfully fetched
error: Jul-12-2022 22:17:31: 	error
info: Jul-12-2022 22:17:31: 	 Login - user data successfully fetched
error: Jul-12-2022 22:17:32: 	error
info: Jul-12-2022 22:17:32: 	 Login - user data successfully fetched
error: Jul-12-2022 22:17:32: 	error
info: Jul-12-2022 22:17:32: 	 Login - user data successfully fetched
error: Jul-12-2022 22:17:33: 	error
info: Jul-12-2022 22:17:33: 	 Login - user data successfully fetched
error: Jul-12-2022 22:17:50: 	error
info: Jul-12-2022 22:17:50: 	 Login - user data successfully fetched
error: Jul-12-2022 22:17:51: 	error
info: Jul-12-2022 22:17:51: 	 Login - user data successfully fetched
error: Jul-12-2022 22:17:51: 	error
info: Jul-12-2022 22:17:51: 	 Login - user data successfully fetched
error: Jul-12-2022 22:17:51: 	error
info: Jul-12-2022 22:17:51: 	 Login - user data successfully fetched
error: Jul-12-2022 22:17:52: 	error
info: Jul-12-2022 22:17:52: 	 Login - user data successfully fetched
error: Jul-12-2022 22:17:52: 	error
info: Jul-12-2022 22:17:52: 	 Login - user data successfully fetched
error: Jul-12-2022 22:17:52: 	error
info: Jul-12-2022 22:17:52: 	 Login - user data successfully fetched
error: Jul-12-2022 22:17:52: 	error
info: Jul-12-2022 22:17:52: 	 Login - user data successfully fetched
error: Jul-12-2022 22:17:52: 	error
info: Jul-12-2022 22:17:52: 	 Login - user data successfully fetched
error: Jul-12-2022 22:17:52: 	error
info: Jul-12-2022 22:17:52: 	 Login - user data successfully fetched
error: Jul-12-2022 22:17:53: 	error
info: Jul-12-2022 22:17:53: 	 Login - user data successfully fetched
error: Jul-12-2022 22:21:03: 	error
info: Jul-12-2022 22:21:03: 	 Login - user data successfully fetched
error: Jul-12-2022 22:21:08: 	error
info: Jul-12-2022 22:21:08: 	 Login - user data successfully fetched
error: Jul-12-2022 22:21:17: 	error
info: Jul-12-2022 22:21:17: 	 Login - user data successfully fetched
error: Jul-12-2022 22:21:29: 	error
info: Jul-12-2022 22:21:29: 	 Login - user data successfully fetched
error: Jul-12-2022 22:21:31: 	error
info: Jul-12-2022 22:21:31: 	 Login - user data successfully fetched
error: Jul-12-2022 22:21:33: 	error
info: Jul-12-2022 22:21:33: 	 Login - user data successfully fetched
error: Jul-12-2022 22:21:34: 	error
info: Jul-12-2022 22:21:34: 	 Login - user data successfully fetched
error: Jul-12-2022 22:21:35: 	error
info: Jul-12-2022 22:21:35: 	 Login - user data successfully fetched
error: Jul-12-2022 22:21:35: 	error
info: Jul-12-2022 22:21:35: 	 Login - user data successfully fetched
error: Jul-12-2022 22:21:36: 	error
info: Jul-12-2022 22:21:36: 	 Login - user data successfully fetched
error: Jul-12-2022 22:21:36: 	error
info: Jul-12-2022 22:21:36: 	 Login - user data successfully fetched
error: Jul-12-2022 22:21:37: 	error
info: Jul-12-2022 22:21:37: 	 Login - user data successfully fetched
info: Jul-12-2022 22:22:24: 	Your get was fetched sucessfully!!!
info: Jul-12-2022 22:22:24: 	 Login - user data successfully fetched
info: Jul-12-2022 22:22:28: 	Your get was fetched sucessfully!!!
info: Jul-12-2022 22:22:28: 	 Login - user data successfully fetched
info: Jul-12-2022 22:22:31: 	Folder already exist
info: Jul-31-2022 12:17:36: 	SUCCESS
error: Jul-31-2022 12:18:19: 	error
info: Jul-31-2022 12:18:19: 	 Login - user data successfully fetched
info: Jul-31-2022 12:18:39: 	fetching Admin Details
error: Jul-31-2022 12:18:46: 	error
info: Jul-31-2022 12:18:46: 	 Login - user data successfully fetched
error: Jul-31-2022 12:19:00: 	error
info: Jul-31-2022 12:19:00: 	 AdminLogin - Admin data successfully fetched
error: Jul-31-2022 12:19:04: 	error
info: Jul-31-2022 12:19:04: 	 Login - user data successfully fetched
info: Jul-31-2022 12:19:11: 	Your get was fetched sucessfully!!!
info: Jul-31-2022 12:19:11: 	 Login - user data successfully fetched
info: Jul-31-2022 12:19:25: 	Folder already exist
info: Jul-31-2022 12:20:35: 	Your get was fetched sucessfully!!!
info: Jul-31-2022 12:20:35: 	 Login - user data successfully fetched
info: Jul-31-2022 12:20:36: 	Your get was fetched sucessfully!!!
info: Jul-31-2022 12:20:36: 	 Login - user data successfully fetched
info: Jul-31-2022 12:20:42: 	Your get was fetched sucessfully!!!
info: Jul-31-2022 12:20:42: 	 Login - user data successfully fetched
info: Jul-31-2022 12:21:18: 	Your get was fetched sucessfully!!!
info: Jul-31-2022 12:21:18: 	 Login - user data successfully fetched
info: Jul-31-2022 12:21:24: 	Folder already exist
info: Jul-31-2022 12:23:25: 	SUCCESS
info: Jul-31-2022 12:23:51: 	Your Data was posted sucessfully!!!
info: Jul-31-2022 12:23:51: 	 Document show -  data successfully fetched
info: Jul-31-2022 12:24:04: 	Your get was fetched sucessfully!!!
info: Jul-31-2022 12:24:04: 	 Login - user data successfully fetched
info: Jul-31-2022 12:24:18: 	Your get was fetched sucessfully!!!
info: Jul-31-2022 12:24:18: 	 Login - user data successfully fetched
info: Jul-31-2022 12:24:22: 	Folder already exist
info: Jul-31-2022 12:26:30: 	Your get was fetched sucessfully!!!
info: Jul-31-2022 12:26:30: 	 Login - user data successfully fetched
info: Jul-31-2022 12:26:35: 	Your get was fetched sucessfully!!!
info: Jul-31-2022 12:26:35: 	 Login - user data successfully fetched
info: Jul-31-2022 12:26:46: 	Your get was fetched sucessfully!!!
info: Jul-31-2022 12:26:46: 	 Login - user data successfully fetched
error: Jul-31-2022 12:26:51: 	error
info: Jul-31-2022 12:26:51: 	 Login - user data successfully fetched
info: Jul-31-2022 12:26:52: 	Folder already exist
error: Jul-31-2022 12:26:52: 	error
info: Jul-31-2022 12:26:52: 	 Login - user data successfully fetched
error: Jul-31-2022 12:26:59: 	error
info: Jul-31-2022 12:26:59: 	 Login - user data successfully fetched
error: Jul-31-2022 12:27:05: 	error
info: Jul-31-2022 12:27:05: 	 Login - user data successfully fetched
info: Jul-31-2022 12:27:23: 	Your Data was posted sucessfully!!!
info: Jul-31-2022 12:27:23: 	 Document show -  data successfully fetched
info: Jul-31-2022 12:28:09: 	Your Data was posted sucessfully!!!
info: Jul-31-2022 12:28:09: 	 Document show -  data successfully fetched
info: Jul-31-2022 12:28:34: 	Your get was fetched sucessfully!!!
info: Jul-31-2022 12:28:34: 	 Login - user data successfully fetched
info: Jul-31-2022 12:28:52: 	Your get was fetched sucessfully!!!
info: Jul-31-2022 12:28:52: 	 Login - user data successfully fetched
info: Jul-31-2022 12:29:01: 	Your Data was posted sucessfully!!!
info: Jul-31-2022 12:29:01: 	 Document show -  data successfully fetched
info: Jul-31-2022 12:29:09: 	LifeCycle =Hooks.txt uploaded
info: Jul-31-2022 12:29:09: 	Your Data was posted sucessfully!!!
info: Jul-31-2022 12:29:09: 	 Document show -  data successfully fetched
info: Jul-31-2022 12:29:10: 	LifeCycle =Hooks.txt uploaded successfully;
info: Jul-31-2022 12:29:10: 	Uploaded successfully
warn: Jul-31-2022 12:29:10: 	undefined
info: Jul-31-2022 12:29:12: 	Your Data was posted sucessfully!!!
info: Jul-31-2022 12:29:12: 	 Document show -  data successfully fetched
info: Jul-31-2022 12:29:19: 	file renamed successfully
info: Jul-31-2022 12:29:20: 	 updated successfully;
info: Jul-31-2022 12:29:20: 	 Document rename -  data successfully fetched
info: Jul-31-2022 12:29:20: 	Your Data was posted sucessfully!!!
info: Jul-31-2022 12:29:20: 	 Document show -  data successfully fetched
info: Jul-31-2022 12:45:04: 	Your get was fetched sucessfully!!!
info: Jul-31-2022 12:45:04: 	 Login - user data successfully fetched
error: Jul-31-2022 12:45:26: 	error
info: Jul-31-2022 12:45:26: 	 Login - user data successfully fetched
error: Jul-31-2022 12:45:54: 	error
info: Jul-31-2022 12:45:54: 	 Login - user data successfully fetched
info: Jul-31-2022 12:46:28: 	Your get was fetched sucessfully!!!
info: Jul-31-2022 12:46:28: 	 Login - user data successfully fetched
info: Jul-31-2022 12:46:38: 	Your get was fetched sucessfully!!!
info: Jul-31-2022 12:46:38: 	 Login - user data successfully fetched
error: Jul-31-2022 12:46:43: 	error
info: Jul-31-2022 12:46:43: 	Signup form added
error: Jul-31-2022 12:46:43: 	error
info: Jul-31-2022 12:46:43: 	 Login - user data successfully fetched
info: Jul-31-2022 12:48:29: 	Your get was fetched sucessfully!!!
info: Jul-31-2022 12:48:29: 	 Login - user data successfully fetched
info: Jul-31-2022 12:48:29: 	Your get was fetched sucessfully!!!
info: Jul-31-2022 12:48:29: 	 Login - user data successfully fetched
info: Jul-31-2022 12:48:29: 	Your get was fetched sucessfully!!!
info: Jul-31-2022 12:48:29: 	 Login - user data successfully fetched
info: Jul-31-2022 12:48:30: 	Your get was fetched sucessfully!!!
info: Jul-31-2022 12:48:30: 	 Login - user data successfully fetched
error: Jul-31-2022 12:48:37: 	error
info: Jul-31-2022 12:48:37: 	 Login - user data successfully fetched
error: Jul-31-2022 12:48:37: 	error
info: Jul-31-2022 12:48:37: 	 Login - user data successfully fetched
info: Jul-31-2022 12:49:16: 	Your get was fetched sucessfully!!!
info: Jul-31-2022 12:49:16: 	 Login - user data successfully fetched
info: Jul-31-2022 12:49:48: 	Your Data was posted sucessfully!!!
info: Jul-31-2022 12:49:48: 	Signup form added
info: Jul-31-2022 12:49:48: 	Your get was fetched sucessfully!!!
info: Jul-31-2022 12:49:48: 	 Login - user data successfully fetched
info: Jul-31-2022 12:49:53: 	Your get was fetched sucessfully!!!
info: Jul-31-2022 12:49:53: 	 Login - user data successfully fetched
info: Jul-31-2022 12:50:36: 	d72fe2943a6283e771cc67de7bd1891a folder created
info: Jul-31-2022 12:51:32: 	Your get was fetched sucessfully!!!
info: Jul-31-2022 12:51:32: 	 Login - user data successfully fetched
info: Jul-31-2022 12:51:45: 	Your get was fetched sucessfully!!!
info: Jul-31-2022 12:51:45: 	 Login - user data successfully fetched
info: Jul-31-2022 12:51:57: 	Your get was fetched sucessfully!!!
info: Jul-31-2022 12:51:57: 	 Login - user data successfully fetched
info: Jul-31-2022 12:52:05: 	Folder already exist
info: Jul-31-2022 12:55:07: 	Your get was fetched sucessfully!!!
info: Jul-31-2022 12:55:07: 	 Login - user data successfully fetched
info: Jul-31-2022 12:55:16: 	Your get was fetched sucessfully!!!
info: Jul-31-2022 12:55:16: 	 Login - user data successfully fetched
info: Jul-31-2022 12:55:22: 	Folder already exist
info: Jul-31-2022 12:56:04: 	Your get was fetched sucessfully!!!
info: Jul-31-2022 12:56:04: 	 Login - user data successfully fetched
info: Jul-31-2022 12:56:05: 	Your get was fetched sucessfully!!!
info: Jul-31-2022 12:56:05: 	 Login - user data successfully fetched
info: Jul-31-2022 12:56:12: 	Folder already exist
info: Jul-31-2022 12:56:41: 	Your get was fetched sucessfully!!!
info: Jul-31-2022 12:56:41: 	 Login - user data successfully fetched
info: Jul-31-2022 12:56:41: 	Your get was fetched sucessfully!!!
info: Jul-31-2022 12:56:41: 	 Login - user data successfully fetched
info: Jul-31-2022 12:56:55: 	Your get was fetched sucessfully!!!
info: Jul-31-2022 12:56:55: 	 Login - user data successfully fetched
info: Jul-31-2022 12:57:01: 	Folder already exist
error: Jul-31-2022 12:57:02: 	error
info: Jul-31-2022 12:57:02: 	 Login - user data successfully fetched
error: Jul-31-2022 12:57:02: 	error
info: Jul-31-2022 12:57:02: 	 Login - user data successfully fetched
info: Jul-31-2022 12:58:26: 	Your get was fetched sucessfully!!!
info: Jul-31-2022 12:58:26: 	 Login - user data successfully fetched
info: Jul-31-2022 12:58:36: 	Folder already exist
info: Jul-31-2022 12:59:03: 	Your Data was posted sucessfully!!!
info: Jul-31-2022 12:59:03: 	 Document show -  data successfully fetched
info: Jul-31-2022 12:59:15: 	Your get was fetched sucessfully!!!
info: Jul-31-2022 12:59:15: 	 Login - user data successfully fetched
info: Jul-31-2022 12:59:25: 	Folder already exist
info: Jul-31-2022 13:00:11: 	Your get was fetched sucessfully!!!
info: Jul-31-2022 13:00:11: 	 Login - user data successfully fetched
info: Jul-31-2022 13:00:27: 	Folder already exist
info: Jul-31-2022 13:01:09: 	Your get was fetched sucessfully!!!
info: Jul-31-2022 13:01:09: 	 Login - user data successfully fetched
info: Jul-31-2022 13:01:53: 	Folder already exist
info: Jul-31-2022 13:04:09: 	Your get was fetched sucessfully!!!
info: Jul-31-2022 13:04:09: 	 Login - user data successfully fetched
info: Jul-31-2022 13:04:09: 	Your get was fetched sucessfully!!!
info: Jul-31-2022 13:04:09: 	 Login - user data successfully fetched
info: Jul-31-2022 13:04:15: 	Folder already exist
info: Jul-31-2022 13:04:28: 	Your Data was posted sucessfully!!!
info: Jul-31-2022 13:04:28: 	 Document show -  data successfully fetched
info: Jul-31-2022 13:05:21: 	Your Data was posted sucessfully!!!
info: Jul-31-2022 13:05:21: 	 Document show -  data successfully fetched
info: Jul-31-2022 13:05:22: 	Stock_market.txt uploaded
info: Jul-31-2022 13:05:22: 	Stock_market.txt uploaded successfully;
info: Jul-31-2022 13:05:22: 	Uploaded successfully
warn: Jul-31-2022 13:05:22: 	undefined
error: Jul-31-2022 13:05:45: 	error
info: Jul-31-2022 13:05:45: 	 Document show -  data successfully fetched
error: Jul-31-2022 13:05:56: 	error
info: Jul-31-2022 13:05:56: 	 Login - user data successfully fetched
info: Jul-31-2022 13:07:57: 	Your get was fetched sucessfully!!!
info: Jul-31-2022 13:07:57: 	 Login - user data successfully fetched
info: Jul-31-2022 13:08:02: 	Folder already exist
info: Jul-31-2022 13:09:06: 	patientlog.json uploaded
info: Jul-31-2022 13:09:06: 	patientlog.json uploaded successfully;
info: Jul-31-2022 13:09:06: 	Uploaded successfully
warn: Jul-31-2022 13:09:06: 	undefined
info: Jul-31-2022 13:09:08: 	SUCCESS
info: Jul-31-2022 13:09:08: 	Folder already exist
info: Jul-31-2022 13:09:09: 	Your Data was posted sucessfully!!!
info: Jul-31-2022 13:09:09: 	 Document show -  data successfully fetched
info: Jul-31-2022 13:09:09: 	Your Data was posted sucessfully!!!
info: Jul-31-2022 13:09:09: 	 Document show -  data successfully fetched
info: Jul-31-2022 13:09:10: 	Your Data was posted sucessfully!!!
info: Jul-31-2022 13:09:10: 	 Document show -  data successfully fetched
info: Jul-31-2022 13:09:14: 	Stock_market.txt deleted
info: Jul-31-2022 13:09:14: 	Your get was fetched sucessfully!!!
info: Jul-31-2022 13:09:14: 	 Delete Admin users - user data successfully deleted
info: Jul-31-2022 13:09:15: 	Your Data was posted sucessfully!!!
info: Jul-31-2022 13:09:15: 	 Document show -  data successfully fetched
info: Jul-31-2022 13:09:16: 	,c.txt deleted
info: Jul-31-2022 13:09:17: 	Your get was fetched sucessfully!!!
info: Jul-31-2022 13:09:17: 	 Delete Admin users - user data successfully deleted
info: Jul-31-2022 13:09:19: 	Your Data was posted sucessfully!!!
info: Jul-31-2022 13:09:19: 	 Document show -  data successfully fetched
info: Jul-31-2022 13:09:19: 	pandia.mp4 deleted
info: Jul-31-2022 13:09:20: 	Your get was fetched sucessfully!!!
info: Jul-31-2022 13:09:20: 	 Delete Admin users - user data successfully deleted
info: Jul-31-2022 13:09:23: 	Your Data was posted sucessfully!!!
info: Jul-31-2022 13:09:23: 	 Document show -  data successfully fetched
info: Jul-31-2022 13:09:23: 	patientlog.json deleted
info: Jul-31-2022 13:09:24: 	Your get was fetched sucessfully!!!
info: Jul-31-2022 13:09:24: 	 Delete Admin users - user data successfully deleted
info: Jul-31-2022 13:09:25: 	Your Data was posted sucessfully!!!
info: Jul-31-2022 13:09:25: 	 Document show -  data successfully fetched
info: Jul-31-2022 13:09:32: 	Your get was fetched sucessfully!!!
info: Jul-31-2022 13:09:32: 	 Login - user data successfully fetched
info: Jul-31-2022 13:09:39: 	Folder already exist
info: Jul-31-2022 13:10:16: 	Your Data was posted sucessfully!!!
info: Jul-31-2022 13:10:16: 	 Document show -  data successfully fetched
info: Jul-31-2022 13:10:29: 	Your Data was posted sucessfully!!!
info: Jul-31-2022 13:10:29: 	 Document show -  data successfully fetched
info: Jul-31-2022 13:10:29: 	write.js uploaded
info: Jul-31-2022 13:10:31: 	SUCCESS
error: Jul-31-2022 13:10:52: 	error
info: Jul-31-2022 13:10:52: 	 Document show -  data successfully fetched
info: Jul-31-2022 13:11:00: 	Your Data was posted sucessfully!!!
info: Jul-31-2022 13:11:00: 	 Document show -  data successfully fetched
info: Jul-31-2022 13:11:01: 	.gitignore uploaded
info: Jul-31-2022 13:11:03: 	Your Data was posted sucessfully!!!
info: Jul-31-2022 13:11:03: 	 Document show -  data successfully fetched
error: Jul-31-2022 13:11:13: 	error
info: Jul-31-2022 13:11:13: 	 Document show -  data successfully fetched
error: Jul-31-2022 13:11:14: 	error
info: Jul-31-2022 13:11:14: 	 Document show -  data successfully fetched
error: Jul-31-2022 13:11:16: 	error
info: Jul-31-2022 13:11:16: 	 Document show -  data successfully fetched
error: Jul-31-2022 13:11:22: 	error
info: Jul-31-2022 13:11:22: 	Uploaded successfully
warn: Jul-31-2022 13:11:22: 	undefined
info: Jul-31-2022 13:11:23: 	Your Data was posted sucessfully!!!
info: Jul-31-2022 13:11:23: 	 Document show -  data successfully fetched
error: Jul-31-2022 13:11:45: 	error
info: Jul-31-2022 13:11:45: 	 Document show -  data successfully fetched
info: Jul-31-2022 13:11:54: 	Your Data was posted sucessfully!!!
info: Jul-31-2022 13:11:54: 	 Document show -  data successfully fetched
info: Jul-31-2022 13:11:59: 	postConnection.js uploaded
info: Jul-31-2022 13:11:59: 	Your Data was posted sucessfully!!!
info: Jul-31-2022 13:11:59: 	 Document show -  data successfully fetched
info: Jul-31-2022 13:12:02: 	SUCCESS
info: Jul-31-2022 13:12:03: 	Your Data was posted sucessfully!!!
info: Jul-31-2022 13:12:03: 	 Document show -  data successfully fetched
info: Jul-31-2022 13:12:09: 	Your Data was posted sucessfully!!!
info: Jul-31-2022 13:12:09: 	 Document show -  data successfully fetched
info: Jul-31-2022 13:12:14: 	Your Data was posted sucessfully!!!
info: Jul-31-2022 13:12:14: 	 Document show -  data successfully fetched
info: Jul-31-2022 13:12:14: 	settable.js uploaded
info: Jul-31-2022 13:12:17: 	SUCCESS
info: Jul-31-2022 13:12:18: 	Your Data was posted sucessfully!!!
info: Jul-31-2022 13:12:18: 	 Document show -  data successfully fetched
info: Jul-31-2022 13:12:33: 	Your get was fetched sucessfully!!!
info: Jul-31-2022 13:12:33: 	 Delete Admin users - user data successfully deleted
info: Jul-31-2022 13:12:35: 	Your Data was posted sucessfully!!!
info: Jul-31-2022 13:12:35: 	 Document show -  data successfully fetched
info: Jul-31-2022 13:12:37: 	Your Data was posted sucessfully!!!
info: Jul-31-2022 13:12:37: 	 Document show -  data successfully fetched
info: Jul-31-2022 13:12:48: 	Your Data was posted sucessfully!!!
info: Jul-31-2022 13:12:48: 	 Document show -  data successfully fetched
info: Jul-31-2022 13:12:49: 	style.css uploaded
info: Jul-31-2022 13:13:04: 	Your Data was posted sucessfully!!!
info: Jul-31-2022 13:13:04: 	 Document show -  data successfully fetched
info: Jul-31-2022 13:13:06: 	Your Data was posted sucessfully!!!
info: Jul-31-2022 13:13:06: 	 Document show -  data successfully fetched
info: Jul-31-2022 13:13:06: 	Your Data was posted sucessfully!!!
info: Jul-31-2022 13:13:06: 	 Document show -  data successfully fetched
info: Jul-31-2022 13:13:06: 	Your Data was posted sucessfully!!!
info: Jul-31-2022 13:13:06: 	 Document show -  data successfully fetched
info: Jul-31-2022 13:13:07: 	Your Data was posted sucessfully!!!
info: Jul-31-2022 13:13:07: 	 Document show -  data successfully fetched
info: Jul-31-2022 13:13:07: 	Your Data was posted sucessfully!!!
info: Jul-31-2022 13:13:07: 	 Document show -  data successfully fetched
info: Jul-31-2022 13:13:07: 	Your Data was posted sucessfully!!!
info: Jul-31-2022 13:13:07: 	 Document show -  data successfully fetched
info: Jul-31-2022 13:13:07: 	Your Data was posted sucessfully!!!
info: Jul-31-2022 13:13:07: 	 Document show -  data successfully fetched
info: Jul-31-2022 13:13:08: 	Your Data was posted sucessfully!!!
info: Jul-31-2022 13:13:08: 	 Document show -  data successfully fetched
error: Jul-31-2022 13:13:10: 	error
info: Jul-31-2022 13:13:10: 	Uploaded successfully
warn: Jul-31-2022 13:13:10: 	undefined
info: Jul-31-2022 13:13:41: 	SUCCESS
info: Jul-31-2022 13:13:53: 	Your Data was posted sucessfully!!!
info: Jul-31-2022 13:13:53: 	 Document show -  data successfully fetched
info: Jul-31-2022 13:13:54: 	Your Data was posted sucessfully!!!
info: Jul-31-2022 13:13:54: 	 Document show -  data successfully fetched
info: Jul-31-2022 13:13:55: 	Your Data was posted sucessfully!!!
info: Jul-31-2022 13:13:55: 	 Document show -  data successfully fetched
info: Jul-31-2022 13:14:00: 	settable.js uploaded
info: Jul-31-2022 13:14:00: 	Your Data was posted sucessfully!!!
info: Jul-31-2022 13:14:00: 	 Document show -  data successfully fetched
info: Jul-31-2022 13:14:02: 	SUCCESS
info: Jul-31-2022 13:14:03: 	Your Data was posted sucessfully!!!
info: Jul-31-2022 13:14:03: 	 Document show -  data successfully fetched
info: Jul-31-2022 13:14:07: 	Your Data was posted sucessfully!!!
info: Jul-31-2022 13:14:07: 	 Document show -  data successfully fetched
info: Jul-31-2022 13:14:07: 	Your Data was posted sucessfully!!!
info: Jul-31-2022 13:14:07: 	 Document show -  data successfully fetched
info: Jul-31-2022 13:14:07: 	Your Data was posted sucessfully!!!
info: Jul-31-2022 13:14:07: 	 Document show -  data successfully fetched
error: Jul-31-2022 13:14:27: 	error
info: Jul-31-2022 13:14:27: 	 Document show -  data successfully fetched
info: Jul-31-2022 13:14:31: 	Your get was fetched sucessfully!!!
info: Jul-31-2022 13:14:31: 	 Login - user data successfully fetched
info: Jul-31-2022 13:14:38: 	Folder already exist
error: Jul-31-2022 13:14:43: 	error
info: Jul-31-2022 13:14:43: 	 Login - user data successfully fetched
info: Jul-31-2022 13:15:31: 	Your Data was posted sucessfully!!!
info: Jul-31-2022 13:15:31: 	 Document show -  data successfully fetched
info: Jul-31-2022 13:15:36: 	Your Data was posted sucessfully!!!
info: Jul-31-2022 13:15:36: 	 Document show -  data successfully fetched
info: Jul-31-2022 13:15:37: 	.gitignore uploaded
info: Jul-31-2022 13:15:38: 	.gitignore uploaded successfully;
info: Jul-31-2022 13:15:38: 	Uploaded successfully
warn: Jul-31-2022 13:15:38: 	undefined
info: Jul-31-2022 13:15:39: 	Your Data was posted sucessfully!!!
info: Jul-31-2022 13:15:39: 	 Document show -  data successfully fetched
info: Jul-31-2022 13:15:45: 	Your get was fetched sucessfully!!!
info: Jul-31-2022 13:15:45: 	 Login - user data successfully fetched
info: Jul-31-2022 13:15:58: 	Folder already exist
info: Jul-31-2022 13:18:05: 	Your get was fetched sucessfully!!!
info: Jul-31-2022 13:18:05: 	 Login - user data successfully fetched
info: Jul-31-2022 13:18:16: 	Folder already exist
info: Jul-31-2022 13:18:46: 	Your Data was posted sucessfully!!!
info: Jul-31-2022 13:18:46: 	 Document show -  data successfully fetched
info: Jul-31-2022 13:19:07: 	Your get was fetched sucessfully!!!
info: Jul-31-2022 13:19:07: 	 Login - user data successfully fetched
info: Jul-31-2022 13:19:23: 	Folder already exist
info: Jul-31-2022 13:20:16: 	Your Data was posted sucessfully!!!
info: Jul-31-2022 13:20:16: 	 Document show -  data successfully fetched
info: Jul-31-2022 13:20:20: 	Your get was fetched sucessfully!!!
info: Jul-31-2022 13:20:20: 	 Login - user data successfully fetched
info: Jul-31-2022 13:20:37: 	Folder already exist
info: Jul-31-2022 13:20:58: 	Your Data was posted sucessfully!!!
info: Jul-31-2022 13:20:58: 	 Document show -  data successfully fetched
info: Jul-31-2022 13:21:08: 	style.css uploaded
info: Jul-31-2022 13:21:10: 	style.css uploaded successfully;
info: Jul-31-2022 13:21:10: 	Uploaded successfully
warn: Jul-31-2022 13:21:10: 	undefined
info: Jul-31-2022 13:21:10: 	Your Data was posted sucessfully!!!
info: Jul-31-2022 13:21:10: 	 Document show -  data successfully fetched
info: Jul-31-2022 13:21:12: 	Your Data was posted sucessfully!!!
info: Jul-31-2022 13:21:12: 	 Document show -  data successfully fetched
info: Jul-31-2022 13:21:19: 	style.css deleted
info: Jul-31-2022 13:21:20: 	Your get was fetched sucessfully!!!
info: Jul-31-2022 13:21:20: 	 Delete Admin users - user data successfully deleted
info: Jul-31-2022 13:21:24: 	Your Data was posted sucessfully!!!
info: Jul-31-2022 13:21:24: 	 Document show -  data successfully fetched
info: Jul-31-2022 13:21:29: 	Your Data was posted sucessfully!!!
info: Jul-31-2022 13:21:29: 	 Document show -  data successfully fetched
info: Jul-31-2022 13:21:36: 	write.js uploaded
info: Jul-31-2022 13:21:40: 	SUCCESS
info: Jul-31-2022 13:21:56: 	Your Data was posted sucessfully!!!
info: Jul-31-2022 13:21:56: 	 Document show -  data successfully fetched
info: Jul-31-2022 13:21:56: 	style.css uploaded
info: Jul-31-2022 13:21:57: 	style.css uploaded successfully;
info: Jul-31-2022 13:21:57: 	Uploaded successfully
warn: Jul-31-2022 13:21:57: 	undefined
info: Jul-31-2022 13:21:59: 	Your Data was posted sucessfully!!!
info: Jul-31-2022 13:21:59: 	 Document show -  data successfully fetched
error: Jul-31-2022 13:22:01: 	error
info: Jul-31-2022 13:22:01: 	 Document show -  data successfully fetched
error: Jul-31-2022 13:22:01: 	error
info: Jul-31-2022 13:22:01: 	 Document show -  data successfully fetched
info: Jul-31-2022 13:22:04: 	Your Data was posted sucessfully!!!
info: Jul-31-2022 13:22:04: 	 Document show -  data successfully fetched
error: Jul-31-2022 13:22:10: 	error
info: Jul-31-2022 13:22:10: 	 Document show -  data successfully fetched
info: Jul-31-2022 13:22:12: 	Your Data was posted sucessfully!!!
info: Jul-31-2022 13:22:12: 	 Document show -  data successfully fetched
info: Jul-31-2022 13:22:12: 	.gitignore uploaded
info: Jul-31-2022 13:22:13: 	.gitignore uploaded successfully;
info: Jul-31-2022 13:22:13: 	Uploaded successfully
warn: Jul-31-2022 13:22:13: 	undefined
info: Jul-31-2022 13:22:14: 	Your Data was posted sucessfully!!!
info: Jul-31-2022 13:22:14: 	 Document show -  data successfully fetched
info: Jul-31-2022 13:22:18: 	Your Data was posted sucessfully!!!
info: Jul-31-2022 13:22:18: 	 Document show -  data successfully fetched
info: Jul-31-2022 13:22:24: 	Your Data was posted sucessfully!!!
info: Jul-31-2022 13:22:24: 	 Document show -  data successfully fetched
info: Jul-31-2022 13:22:24: 	package.json uploaded
info: Jul-31-2022 13:22:25: 	package.json uploaded successfully;
info: Jul-31-2022 13:22:25: 	Uploaded successfully
warn: Jul-31-2022 13:22:25: 	undefined
info: Jul-31-2022 13:22:31: 	SUCCESS
error: Jul-31-2022 13:22:52: 	error
info: Jul-31-2022 13:22:52: 	 Document show -  data successfully fetched
info: Jul-31-2022 13:22:57: 	HTML TS.txt uploaded
info: Jul-31-2022 13:22:58: 	HTML TS.txt uploaded successfully;
info: Jul-31-2022 13:22:58: 	Uploaded successfully
warn: Jul-31-2022 13:22:58: 	undefined
info: Jul-31-2022 13:23:00: 	Your Data was posted sucessfully!!!
info: Jul-31-2022 13:23:00: 	 Document show -  data successfully fetched
error: Jul-31-2022 13:23:04: 	error
info: Jul-31-2022 13:23:04: 	 Document show -  data successfully fetched
info: Jul-31-2022 13:23:07: 	package.json deleted
info: Jul-31-2022 13:23:07: 	Your get was fetched sucessfully!!!
info: Jul-31-2022 13:23:07: 	 Delete Admin users - user data successfully deleted
info: Jul-31-2022 13:23:10: 	Your Data was posted sucessfully!!!
info: Jul-31-2022 13:23:10: 	 Document show -  data successfully fetched
info: Jul-31-2022 13:23:16: 	file renamed successfully
info: Jul-31-2022 13:23:17: 	 updated successfully;
info: Jul-31-2022 13:23:17: 	 Document rename -  data successfully fetched
info: Jul-31-2022 13:23:17: 	Your Data was posted sucessfully!!!
info: Jul-31-2022 13:23:17: 	 Document show -  data successfully fetched
error: Jul-31-2022 13:23:17: 	error
info: Jul-31-2022 13:23:17: 	 Document show -  data successfully fetched
info: Jul-31-2022 13:24:09: 	Your get was fetched sucessfully!!!
info: Jul-31-2022 13:24:09: 	 Delete Admin users - user data successfully deleted
info: Jul-31-2022 13:24:12: 	Your Data was posted sucessfully!!!
info: Jul-31-2022 13:24:12: 	 Document show -  data successfully fetched
info: Jul-31-2022 13:24:13: 	Your get was fetched sucessfully!!!
info: Jul-31-2022 13:24:13: 	 Delete Admin users - user data successfully deleted
info: Jul-31-2022 13:24:15: 	Your Data was posted sucessfully!!!
info: Jul-31-2022 13:24:15: 	 Document show -  data successfully fetched
info: Jul-31-2022 13:24:17: 	Your get was fetched sucessfully!!!
info: Jul-31-2022 13:24:17: 	 Delete Admin users - user data successfully deleted
info: Jul-31-2022 13:24:19: 	Your Data was posted sucessfully!!!
info: Jul-31-2022 13:24:19: 	 Document show -  data successfully fetched
info: Jul-31-2022 13:24:21: 	Your Data was posted sucessfully!!!
info: Jul-31-2022 13:24:21: 	 Document show -  data successfully fetched
info: Jul-31-2022 13:24:49: 	Your Data was posted sucessfully!!!
info: Jul-31-2022 13:24:49: 	 Document show -  data successfully fetched
info: Jul-31-2022 13:24:49: 	Smart App Builder KT Session (2022-07-25 02_51 GMT-7).mp4 uploaded
info: Jul-31-2022 13:24:52: 	Your Data was posted sucessfully!!!
info: Jul-31-2022 13:24:52: 	 Document show -  data successfully fetched
info: Jul-31-2022 13:24:53: 	Smart App Builder KT Session (2022-07-25 02_51 GMT-7).mp4 uploaded successfully;
info: Jul-31-2022 13:24:53: 	Uploaded successfully
warn: Jul-31-2022 13:24:53: 	undefined
info: Jul-31-2022 13:24:57: 	Your Data was posted sucessfully!!!
info: Jul-31-2022 13:24:57: 	 Document show -  data successfully fetched
info: Jul-31-2022 13:25:03: 	Your Data was posted sucessfully!!!
info: Jul-31-2022 13:25:03: 	 Document show -  data successfully fetched
info: Jul-31-2022 13:25:07: 	Your Data was posted sucessfully!!!
info: Jul-31-2022 13:25:07: 	 Document show -  data successfully fetched
info: Jul-31-2022 13:25:14: 	Your Data was posted sucessfully!!!
info: Jul-31-2022 13:25:14: 	 Document show -  data successfully fetched
info: Jul-31-2022 13:25:14: 	salesforce_V0.5.json uploaded
info: Jul-31-2022 13:25:17: 	SUCCESS
info: Jul-31-2022 13:25:17: 	Your Data was posted sucessfully!!!
info: Jul-31-2022 13:25:17: 	 Document show -  data successfully fetched
info: Jul-31-2022 13:27:07: 	Your get was fetched sucessfully!!!
info: Jul-31-2022 13:27:07: 	 Login - user data successfully fetched
info: Jul-31-2022 13:27:16: 	Folder already exist
info: Jul-31-2022 13:27:55: 	Your Data was posted sucessfully!!!
info: Jul-31-2022 13:27:55: 	 Document show -  data successfully fetched
error: Jul-31-2022 13:28:21: 	error
info: Jul-31-2022 13:28:21: 	 Login - user data successfully fetched
error: Jul-31-2022 13:28:49: 	error
info: Jul-31-2022 13:28:49: 	 Login - user data successfully fetched
error: Jul-31-2022 13:28:49: 	error
info: Jul-31-2022 13:28:49: 	 Login - user data successfully fetched
info: Jul-31-2022 13:28:56: 	Your get was fetched sucessfully!!!
info: Jul-31-2022 13:28:56: 	 Login - user data successfully fetched
info: Jul-31-2022 13:28:57: 	Your get was fetched sucessfully!!!
info: Jul-31-2022 13:28:57: 	 Login - user data successfully fetched
info: Jul-31-2022 13:29:08: 	Folder already exist
error: Jul-31-2022 13:29:16: 	error
info: Jul-31-2022 13:29:16: 	 Login - user data successfully fetched
error: Jul-31-2022 13:30:37: 	error
info: Jul-31-2022 13:30:37: 	 Login - user data successfully fetched
info: Jul-31-2022 13:30:47: 	Your get was fetched sucessfully!!!
info: Jul-31-2022 13:30:47: 	 Login - user data successfully fetched
info: Jul-31-2022 13:31:06: 	Folder already exist
error: Jul-31-2022 13:32:26: 	error
info: Jul-31-2022 13:32:26: 	 Login - user data successfully fetched
info: Jul-31-2022 13:32:38: 	Your get was fetched sucessfully!!!
info: Jul-31-2022 13:32:38: 	 Login - user data successfully fetched
info: Jul-31-2022 13:32:50: 	Your get was fetched sucessfully!!!
info: Jul-31-2022 13:32:50: 	 Login - user data successfully fetched
info: Jul-31-2022 13:32:50: 	Your get was fetched sucessfully!!!
info: Jul-31-2022 13:32:50: 	 Login - user data successfully fetched
info: Jul-31-2022 13:32:51: 	Your get was fetched sucessfully!!!
info: Jul-31-2022 13:32:51: 	 Login - user data successfully fetched
info: Jul-31-2022 13:32:51: 	Your get was fetched sucessfully!!!
info: Jul-31-2022 13:32:51: 	 Login - user data successfully fetched
info: Jul-31-2022 13:33:12: 	Your get was fetched sucessfully!!!
info: Jul-31-2022 13:33:12: 	 Login - user data successfully fetched
info: Jul-31-2022 13:33:18: 	Folder already exist
info: Sep-09-2022 16:08:25: 	SUCCESS
info: Sep-09-2022 16:08:54: 	fetching Admin Details
info: Sep-09-2022 16:08:54: 	Your get was fetched sucessfully!!!
info: Sep-09-2022 16:08:54: 	 AdminLogin - Admin data successfully fetched
info: Sep-09-2022 16:09:40: 	Your get was fetched sucessfully!!!
info: Sep-09-2022 16:09:40: 	 Login - user data successfully fetched
info: Sep-09-2022 16:09:46: 	Folder already exist
info: Sep-09-2022 16:26:26: 	fetching Admin Details
info: Sep-09-2022 16:26:27: 	Your get was fetched sucessfully!!!
info: Sep-09-2022 16:26:27: 	 AdminLogin - Admin data successfully fetched
info: Sep-09-2022 18:00:17: 	SUCCESS
info: Sep-09-2022 18:01:15: 	SUCCESS
info: Sep-09-2022 18:23:27: 	SUCCESS
info: Sep-09-2022 18:23:53: 	SUCCESS
info: Sep-09-2022 18:28:12: 	SUCCESS
info: Sep-09-2022 18:31:27: 	SUCCESS
info: Sep-12-2022 18:15:38: 	SUCCESS
info: Sep-12-2022 18:16:02: 	Your get was fetched sucessfully!!!
info: Sep-12-2022 18:16:02: 	 Login - user data successfully fetched
info: Sep-12-2022 18:16:07: 	Folder already exist
info: Sep-12-2022 18:16:52: 	Your Data was posted sucessfully!!!
info: Sep-12-2022 18:16:52: 	 Document show -  data successfully fetched
info: Sep-12-2022 18:17:00: 	Your Data was posted sucessfully!!!
info: Sep-12-2022 18:17:00: 	 Document show -  data successfully fetched
info: Sep-12-2022 18:17:02: 	htmll.txt uploaded
info: Sep-12-2022 18:17:02: 	htmll.txt uploaded successfully;
info: Sep-12-2022 18:17:02: 	Uploaded successfully
warn: Sep-12-2022 18:17:02: 	undefined
info: Dec-11-2022 15:25:24: 	SUCCESS
info: Dec-11-2022 15:34:44: 	Your get was fetched sucessfully!!!
info: Dec-11-2022 15:34:44: 	 Login - user data successfully fetched
info: Dec-11-2022 15:34:51: 	Folder already exist
info: Dec-11-2022 15:35:52: 	Your get was fetched sucessfully!!!
info: Dec-11-2022 15:35:52: 	 Login - user data successfully fetched
info: Dec-11-2022 15:39:01: 	SUCCESS
info: Dec-11-2022 15:41:01: 	Folder already exist
info: Dec-11-2022 15:45:24: 	Your get was fetched sucessfully!!!
info: Dec-11-2022 15:45:24: 	 Login - user data successfully fetched
info: Dec-11-2022 15:45:45: 	Folder already exist
info: Dec-12-2022 10:15:59: 	SUCCESS
